2019-03-04 17:38:58,069 INFO 13638 [Timer] /home/sue/NodeProject/EggDemo/egg-example-handy/node_modules/_egg-logrotator@3.0.5@egg-logrotator/app/schedule/clean_log.js next time will execute after 22861932ms at 2019-03-05 00:00:00.001
2019-03-04 17:38:58,070 INFO 13638 [Timer] /home/sue/NodeProject/EggDemo/egg-example-handy/node_modules/_egg-logrotator@3.0.5@egg-logrotator/app/schedule/rotate_by_file.js next time will execute after 22862930ms at 2019-03-05 00:00:01.000
2019-03-04 17:38:58,026 INFO 13649 [egg-schedule]: register schedule /home/sue/NodeProject/EggDemo/egg-example-handy/node_modules/_egg-logrotator@3.0.5@egg-logrotator/app/schedule/clean_log.js
2019-03-04 17:38:58,026 INFO 13649 [egg-schedule]: register schedule /home/sue/NodeProject/EggDemo/egg-example-handy/node_modules/_egg-logrotator@3.0.5@egg-logrotator/app/schedule/rotate_by_file.js
2019-03-04 17:39:42,614 INFO 13881 [Timer] /home/sue/NodeProject/EggDemo/egg-example-handy/node_modules/_egg-logrotator@3.0.5@egg-logrotator/app/schedule/clean_log.js next time will execute after 22817388ms at 2019-03-05 00:00:00.002
2019-03-04 17:39:42,614 INFO 13881 [Timer] /home/sue/NodeProject/EggDemo/egg-example-handy/node_modules/_egg-logrotator@3.0.5@egg-logrotator/app/schedule/rotate_by_file.js next time will execute after 22818386ms at 2019-03-05 00:00:01.000
2019-03-04 17:39:42,571 INFO 13896 [egg-schedule]: register schedule /home/sue/NodeProject/EggDemo/egg-example-handy/node_modules/_egg-logrotator@3.0.5@egg-logrotator/app/schedule/clean_log.js
2019-03-04 17:39:42,571 INFO 13896 [egg-schedule]: register schedule /home/sue/NodeProject/EggDemo/egg-example-handy/node_modules/_egg-logrotator@3.0.5@egg-logrotator/app/schedule/rotate_by_file.js
2019-03-04 17:40:22,881 INFO 14086 [egg-schedule]: register schedule /home/sue/NodeProject/EggDemo/egg-example-handy/node_modules/_egg-logrotator@3.0.5@egg-logrotator/app/schedule/clean_log.js
2019-03-04 17:40:22,881 INFO 14086 [egg-schedule]: register schedule /home/sue/NodeProject/EggDemo/egg-example-handy/node_modules/_egg-logrotator@3.0.5@egg-logrotator/app/schedule/rotate_by_file.js
2019-03-04 17:40:46,543 INFO 14154 [Timer] /home/sue/NodeProject/EggDemo/egg-example-handy/node_modules/_egg-logrotator@3.0.5@egg-logrotator/app/schedule/clean_log.js next time will execute after 22753459ms at 2019-03-05 00:00:00.002
2019-03-04 17:40:46,543 INFO 14154 [Timer] /home/sue/NodeProject/EggDemo/egg-example-handy/node_modules/_egg-logrotator@3.0.5@egg-logrotator/app/schedule/rotate_by_file.js next time will execute after 22754457ms at 2019-03-05 00:00:01.000
2019-03-04 17:40:46,499 INFO 14165 [egg-schedule]: register schedule /home/sue/NodeProject/EggDemo/egg-example-handy/node_modules/_egg-logrotator@3.0.5@egg-logrotator/app/schedule/clean_log.js
2019-03-04 17:40:46,499 INFO 14165 [egg-schedule]: register schedule /home/sue/NodeProject/EggDemo/egg-example-handy/node_modules/_egg-logrotator@3.0.5@egg-logrotator/app/schedule/rotate_by_file.js
2019-03-04 17:43:22,229 INFO 14508 [egg-schedule]: register schedule /home/sue/NodeProject/EggDemo/egg-example-handy/node_modules/_egg-logrotator@3.0.5@egg-logrotator/app/schedule/clean_log.js
2019-03-04 17:43:22,229 INFO 14508 [egg-schedule]: register schedule /home/sue/NodeProject/EggDemo/egg-example-handy/node_modules/_egg-logrotator@3.0.5@egg-logrotator/app/schedule/rotate_by_file.js
2019-03-04 17:44:06,071 INFO 14685 [egg-schedule]: register schedule /home/sue/NodeProject/EggDemo/egg-example-handy/node_modules/_egg-logrotator@3.0.5@egg-logrotator/app/schedule/clean_log.js
2019-03-04 17:44:06,071 INFO 14685 [egg-schedule]: register schedule /home/sue/NodeProject/EggDemo/egg-example-handy/node_modules/_egg-logrotator@3.0.5@egg-logrotator/app/schedule/rotate_by_file.js
2019-03-04 17:44:53,320 INFO 14720 [egg-schedule]: register schedule /home/sue/NodeProject/EggDemo/egg-example-handy/node_modules/_egg-logrotator@3.0.5@egg-logrotator/app/schedule/clean_log.js
2019-03-04 17:44:53,320 INFO 14720 [egg-schedule]: register schedule /home/sue/NodeProject/EggDemo/egg-example-handy/node_modules/_egg-logrotator@3.0.5@egg-logrotator/app/schedule/rotate_by_file.js
2019-03-04 17:44:54,611 INFO 14732 [egg-schedule]: register schedule /home/sue/NodeProject/EggDemo/egg-example-handy/node_modules/_egg-logrotator@3.0.5@egg-logrotator/app/schedule/clean_log.js
2019-03-04 17:44:54,611 INFO 14732 [egg-schedule]: register schedule /home/sue/NodeProject/EggDemo/egg-example-handy/node_modules/_egg-logrotator@3.0.5@egg-logrotator/app/schedule/rotate_by_file.js
2019-03-05 09:24:44,474 INFO 4504 [Timer] /home/sue/NodeProject/EggDemo/egg-example-handy/node_modules/_egg-logrotator@3.0.5@egg-logrotator/app/schedule/clean_log.js next time will execute after 52515528ms at 2019-03-06 00:00:00.002
2019-03-05 09:24:44,474 INFO 4504 [Timer] /home/sue/NodeProject/EggDemo/egg-example-handy/node_modules/_egg-logrotator@3.0.5@egg-logrotator/app/schedule/rotate_by_file.js next time will execute after 52516526ms at 2019-03-06 00:00:01.000
2019-03-05 09:24:44,420 INFO 4515 [egg-schedule]: register schedule /home/sue/NodeProject/EggDemo/egg-example-handy/node_modules/_egg-logrotator@3.0.5@egg-logrotator/app/schedule/clean_log.js
2019-03-05 09:24:44,420 INFO 4515 [egg-schedule]: register schedule /home/sue/NodeProject/EggDemo/egg-example-handy/node_modules/_egg-logrotator@3.0.5@egg-logrotator/app/schedule/rotate_by_file.js
2019-03-05 09:26:03,351 INFO 4757 [egg-schedule]: register schedule /home/sue/NodeProject/EggDemo/egg-example-handy/node_modules/_egg-logrotator@3.0.5@egg-logrotator/app/schedule/clean_log.js
2019-03-05 09:26:03,351 INFO 4757 [egg-schedule]: register schedule /home/sue/NodeProject/EggDemo/egg-example-handy/node_modules/_egg-logrotator@3.0.5@egg-logrotator/app/schedule/rotate_by_file.js
2019-03-05 09:26:04,581 INFO 4770 [egg-schedule]: register schedule /home/sue/NodeProject/EggDemo/egg-example-handy/node_modules/_egg-logrotator@3.0.5@egg-logrotator/app/schedule/clean_log.js
2019-03-05 09:26:04,581 INFO 4770 [egg-schedule]: register schedule /home/sue/NodeProject/EggDemo/egg-example-handy/node_modules/_egg-logrotator@3.0.5@egg-logrotator/app/schedule/rotate_by_file.js
2019-03-05 09:33:18,048 INFO 5412 [egg-schedule]: register schedule /home/sue/NodeProject/EggDemo/egg-example-handy/node_modules/_egg-logrotator@3.0.5@egg-logrotator/app/schedule/clean_log.js
2019-03-05 09:33:18,048 INFO 5412 [egg-schedule]: register schedule /home/sue/NodeProject/EggDemo/egg-example-handy/node_modules/_egg-logrotator@3.0.5@egg-logrotator/app/schedule/rotate_by_file.js
2019-03-05 09:33:20,748 INFO 5423 [egg-schedule]: register schedule /home/sue/NodeProject/EggDemo/egg-example-handy/node_modules/_egg-logrotator@3.0.5@egg-logrotator/app/schedule/clean_log.js
2019-03-05 09:33:20,748 INFO 5423 [egg-schedule]: register schedule /home/sue/NodeProject/EggDemo/egg-example-handy/node_modules/_egg-logrotator@3.0.5@egg-logrotator/app/schedule/rotate_by_file.js
2019-03-05 09:33:22,539 INFO 5434 [egg-schedule]: register schedule /home/sue/NodeProject/EggDemo/egg-example-handy/node_modules/_egg-logrotator@3.0.5@egg-logrotator/app/schedule/clean_log.js
2019-03-05 09:33:22,539 INFO 5434 [egg-schedule]: register schedule /home/sue/NodeProject/EggDemo/egg-example-handy/node_modules/_egg-logrotator@3.0.5@egg-logrotator/app/schedule/rotate_by_file.js
2019-03-05 09:34:35,408 INFO 5518 [egg-schedule]: register schedule /home/sue/NodeProject/EggDemo/egg-example-handy/node_modules/_egg-logrotator@3.0.5@egg-logrotator/app/schedule/clean_log.js
2019-03-05 09:34:35,408 INFO 5518 [egg-schedule]: register schedule /home/sue/NodeProject/EggDemo/egg-example-handy/node_modules/_egg-logrotator@3.0.5@egg-logrotator/app/schedule/rotate_by_file.js
2019-03-05 09:34:36,842 INFO 5529 [egg-schedule]: register schedule /home/sue/NodeProject/EggDemo/egg-example-handy/node_modules/_egg-logrotator@3.0.5@egg-logrotator/app/schedule/clean_log.js
2019-03-05 09:34:36,842 INFO 5529 [egg-schedule]: register schedule /home/sue/NodeProject/EggDemo/egg-example-handy/node_modules/_egg-logrotator@3.0.5@egg-logrotator/app/schedule/rotate_by_file.js
2019-03-05 09:42:22,399 INFO 6067 [Timer] /home/sue/NodeProject/EggDemo/egg-example-handy/node_modules/_egg-logrotator@3.0.5@egg-logrotator/app/schedule/clean_log.js next time will execute after 51457602ms at 2019-03-06 00:00:00.001
2019-03-05 09:42:22,400 INFO 6067 [Timer] /home/sue/NodeProject/EggDemo/egg-example-handy/node_modules/_egg-logrotator@3.0.5@egg-logrotator/app/schedule/rotate_by_file.js next time will execute after 51458601ms at 2019-03-06 00:00:01.001
2019-03-05 09:42:22,352 INFO 6079 [egg-schedule]: register schedule /home/sue/NodeProject/EggDemo/egg-example-handy/node_modules/_egg-logrotator@3.0.5@egg-logrotator/app/schedule/clean_log.js
2019-03-05 09:42:22,352 INFO 6079 [egg-schedule]: register schedule /home/sue/NodeProject/EggDemo/egg-example-handy/node_modules/_egg-logrotator@3.0.5@egg-logrotator/app/schedule/rotate_by_file.js
2019-03-05 09:46:04,081 INFO 6372 [egg-schedule]: register schedule /home/sue/NodeProject/EggDemo/egg-example-handy/node_modules/_egg-logrotator@3.0.5@egg-logrotator/app/schedule/clean_log.js
2019-03-05 09:46:04,081 INFO 6372 [egg-schedule]: register schedule /home/sue/NodeProject/EggDemo/egg-example-handy/node_modules/_egg-logrotator@3.0.5@egg-logrotator/app/schedule/rotate_by_file.js
2019-03-05 09:46:13,611 INFO 6384 [egg-schedule]: register schedule /home/sue/NodeProject/EggDemo/egg-example-handy/node_modules/_egg-logrotator@3.0.5@egg-logrotator/app/schedule/clean_log.js
2019-03-05 09:46:13,611 INFO 6384 [egg-schedule]: register schedule /home/sue/NodeProject/EggDemo/egg-example-handy/node_modules/_egg-logrotator@3.0.5@egg-logrotator/app/schedule/rotate_by_file.js
2019-03-05 09:46:20,614 INFO 6413 [egg-schedule]: register schedule /home/sue/NodeProject/EggDemo/egg-example-handy/node_modules/_egg-logrotator@3.0.5@egg-logrotator/app/schedule/clean_log.js
2019-03-05 09:46:20,614 INFO 6413 [egg-schedule]: register schedule /home/sue/NodeProject/EggDemo/egg-example-handy/node_modules/_egg-logrotator@3.0.5@egg-logrotator/app/schedule/rotate_by_file.js
2019-03-05 09:46:24,144 INFO 6445 [egg-schedule]: register schedule /home/sue/NodeProject/EggDemo/egg-example-handy/node_modules/_egg-logrotator@3.0.5@egg-logrotator/app/schedule/clean_log.js
2019-03-05 09:46:24,144 INFO 6445 [egg-schedule]: register schedule /home/sue/NodeProject/EggDemo/egg-example-handy/node_modules/_egg-logrotator@3.0.5@egg-logrotator/app/schedule/rotate_by_file.js
2019-03-05 09:47:06,203 INFO 6542 [egg-schedule]: register schedule /home/sue/NodeProject/EggDemo/egg-example-handy/node_modules/_egg-logrotator@3.0.5@egg-logrotator/app/schedule/clean_log.js
2019-03-05 09:47:06,203 INFO 6542 [egg-schedule]: register schedule /home/sue/NodeProject/EggDemo/egg-example-handy/node_modules/_egg-logrotator@3.0.5@egg-logrotator/app/schedule/rotate_by_file.js
2019-03-05 09:47:17,821 INFO 6554 [egg-schedule]: register schedule /home/sue/NodeProject/EggDemo/egg-example-handy/node_modules/_egg-logrotator@3.0.5@egg-logrotator/app/schedule/clean_log.js
2019-03-05 09:47:17,821 INFO 6554 [egg-schedule]: register schedule /home/sue/NodeProject/EggDemo/egg-example-handy/node_modules/_egg-logrotator@3.0.5@egg-logrotator/app/schedule/rotate_by_file.js
2019-03-05 09:47:22,865 INFO 6565 [egg-schedule]: register schedule /home/sue/NodeProject/EggDemo/egg-example-handy/node_modules/_egg-logrotator@3.0.5@egg-logrotator/app/schedule/clean_log.js
2019-03-05 09:47:22,865 INFO 6565 [egg-schedule]: register schedule /home/sue/NodeProject/EggDemo/egg-example-handy/node_modules/_egg-logrotator@3.0.5@egg-logrotator/app/schedule/rotate_by_file.js
2019-03-05 09:49:17,511 INFO 6704 [egg-schedule]: register schedule /home/sue/NodeProject/EggDemo/egg-example-handy/node_modules/_egg-logrotator@3.0.5@egg-logrotator/app/schedule/clean_log.js
2019-03-05 09:49:17,511 INFO 6704 [egg-schedule]: register schedule /home/sue/NodeProject/EggDemo/egg-example-handy/node_modules/_egg-logrotator@3.0.5@egg-logrotator/app/schedule/rotate_by_file.js
2019-03-05 09:50:49,299 INFO 7111 [Timer] /home/sue/NodeProject/EggDemo/egg-example-handy/node_modules/_egg-logrotator@3.0.5@egg-logrotator/app/schedule/clean_log.js next time will execute after 50950702ms at 2019-03-06 00:00:00.001
2019-03-05 09:50:49,300 INFO 7111 [Timer] /home/sue/NodeProject/EggDemo/egg-example-handy/node_modules/_egg-logrotator@3.0.5@egg-logrotator/app/schedule/rotate_by_file.js next time will execute after 50951701ms at 2019-03-06 00:00:01.001
2019-03-05 09:50:49,251 INFO 7122 [egg-schedule]: register schedule /home/sue/NodeProject/EggDemo/egg-example-handy/node_modules/_egg-logrotator@3.0.5@egg-logrotator/app/schedule/clean_log.js
2019-03-05 09:50:49,251 INFO 7122 [egg-schedule]: register schedule /home/sue/NodeProject/EggDemo/egg-example-handy/node_modules/_egg-logrotator@3.0.5@egg-logrotator/app/schedule/rotate_by_file.js
2019-03-05 09:51:15,570 INFO 7318 [egg-schedule]: register schedule /home/sue/NodeProject/EggDemo/egg-example-handy/node_modules/_egg-logrotator@3.0.5@egg-logrotator/app/schedule/clean_log.js
2019-03-05 09:51:15,570 INFO 7318 [egg-schedule]: register schedule /home/sue/NodeProject/EggDemo/egg-example-handy/node_modules/_egg-logrotator@3.0.5@egg-logrotator/app/schedule/rotate_by_file.js
2019-03-05 09:51:17,495 INFO 7329 [egg-schedule]: register schedule /home/sue/NodeProject/EggDemo/egg-example-handy/node_modules/_egg-logrotator@3.0.5@egg-logrotator/app/schedule/clean_log.js
2019-03-05 09:51:17,495 INFO 7329 [egg-schedule]: register schedule /home/sue/NodeProject/EggDemo/egg-example-handy/node_modules/_egg-logrotator@3.0.5@egg-logrotator/app/schedule/rotate_by_file.js
2019-03-05 09:51:19,128 INFO 7340 [egg-schedule]: register schedule /home/sue/NodeProject/EggDemo/egg-example-handy/node_modules/_egg-logrotator@3.0.5@egg-logrotator/app/schedule/clean_log.js
2019-03-05 09:51:19,128 INFO 7340 [egg-schedule]: register schedule /home/sue/NodeProject/EggDemo/egg-example-handy/node_modules/_egg-logrotator@3.0.5@egg-logrotator/app/schedule/rotate_by_file.js
2019-03-05 09:51:33,015 INFO 7364 [egg-schedule]: register schedule /home/sue/NodeProject/EggDemo/egg-example-handy/node_modules/_egg-logrotator@3.0.5@egg-logrotator/app/schedule/clean_log.js
2019-03-05 09:51:33,015 INFO 7364 [egg-schedule]: register schedule /home/sue/NodeProject/EggDemo/egg-example-handy/node_modules/_egg-logrotator@3.0.5@egg-logrotator/app/schedule/rotate_by_file.js
2019-03-05 09:52:21,042 INFO 7435 [Timer] /home/sue/NodeProject/EggDemo/egg-example-handy/node_modules/_egg-logrotator@3.0.5@egg-logrotator/app/schedule/clean_log.js next time will execute after 50858959ms at 2019-03-06 00:00:00.001
2019-03-05 09:52:21,043 INFO 7435 [Timer] /home/sue/NodeProject/EggDemo/egg-example-handy/node_modules/_egg-logrotator@3.0.5@egg-logrotator/app/schedule/rotate_by_file.js next time will execute after 50859958ms at 2019-03-06 00:00:01.001
2019-03-05 09:52:20,998 INFO 7446 [egg-schedule]: register schedule /home/sue/NodeProject/EggDemo/egg-example-handy/node_modules/_egg-logrotator@3.0.5@egg-logrotator/app/schedule/clean_log.js
2019-03-05 09:52:20,998 INFO 7446 [egg-schedule]: register schedule /home/sue/NodeProject/EggDemo/egg-example-handy/node_modules/_egg-logrotator@3.0.5@egg-logrotator/app/schedule/rotate_by_file.js
2019-03-05 10:02:10,142 INFO 8470 [Timer] /home/sue/NodeProject/EggDemo/egg-example-handy/node_modules/_egg-logrotator@3.0.5@egg-logrotator/app/schedule/clean_log.js next time will execute after 50269860ms at 2019-03-06 00:00:00.002
2019-03-05 10:02:10,142 INFO 8470 [Timer] /home/sue/NodeProject/EggDemo/egg-example-handy/node_modules/_egg-logrotator@3.0.5@egg-logrotator/app/schedule/rotate_by_file.js next time will execute after 50270858ms at 2019-03-06 00:00:01.000
2019-03-05 10:02:10,093 INFO 8481 [egg-schedule]: register schedule /home/sue/NodeProject/EggDemo/egg-example-handy/node_modules/_egg-logrotator@3.0.5@egg-logrotator/app/schedule/clean_log.js
2019-03-05 10:02:10,093 INFO 8481 [egg-schedule]: register schedule /home/sue/NodeProject/EggDemo/egg-example-handy/node_modules/_egg-logrotator@3.0.5@egg-logrotator/app/schedule/rotate_by_file.js
2019-03-05 10:02:20,351 INFO 8630 [egg-schedule]: register schedule /home/sue/NodeProject/EggDemo/egg-example-handy/node_modules/_egg-logrotator@3.0.5@egg-logrotator/app/schedule/clean_log.js
2019-03-05 10:02:20,351 INFO 8630 [egg-schedule]: register schedule /home/sue/NodeProject/EggDemo/egg-example-handy/node_modules/_egg-logrotator@3.0.5@egg-logrotator/app/schedule/rotate_by_file.js
2019-03-05 10:04:06,951 INFO 8825 [egg-schedule]: register schedule /home/sue/NodeProject/EggDemo/egg-example-handy/node_modules/_egg-logrotator@3.0.5@egg-logrotator/app/schedule/clean_log.js
2019-03-05 10:04:06,951 INFO 8825 [egg-schedule]: register schedule /home/sue/NodeProject/EggDemo/egg-example-handy/node_modules/_egg-logrotator@3.0.5@egg-logrotator/app/schedule/rotate_by_file.js
2019-03-05 10:04:10,262 INFO 8836 [egg-schedule]: register schedule /home/sue/NodeProject/EggDemo/egg-example-handy/node_modules/_egg-logrotator@3.0.5@egg-logrotator/app/schedule/clean_log.js
2019-03-05 10:04:10,262 INFO 8836 [egg-schedule]: register schedule /home/sue/NodeProject/EggDemo/egg-example-handy/node_modules/_egg-logrotator@3.0.5@egg-logrotator/app/schedule/rotate_by_file.js
2019-03-05 10:04:12,073 INFO 8847 [egg-schedule]: register schedule /home/sue/NodeProject/EggDemo/egg-example-handy/node_modules/_egg-logrotator@3.0.5@egg-logrotator/app/schedule/clean_log.js
2019-03-05 10:04:12,073 INFO 8847 [egg-schedule]: register schedule /home/sue/NodeProject/EggDemo/egg-example-handy/node_modules/_egg-logrotator@3.0.5@egg-logrotator/app/schedule/rotate_by_file.js
2019-03-05 10:04:16,502 INFO 8858 [egg-schedule]: register schedule /home/sue/NodeProject/EggDemo/egg-example-handy/node_modules/_egg-logrotator@3.0.5@egg-logrotator/app/schedule/clean_log.js
2019-03-05 10:04:16,502 INFO 8858 [egg-schedule]: register schedule /home/sue/NodeProject/EggDemo/egg-example-handy/node_modules/_egg-logrotator@3.0.5@egg-logrotator/app/schedule/rotate_by_file.js
2019-03-05 10:04:18,335 INFO 8869 [egg-schedule]: register schedule /home/sue/NodeProject/EggDemo/egg-example-handy/node_modules/_egg-logrotator@3.0.5@egg-logrotator/app/schedule/clean_log.js
2019-03-05 10:04:18,335 INFO 8869 [egg-schedule]: register schedule /home/sue/NodeProject/EggDemo/egg-example-handy/node_modules/_egg-logrotator@3.0.5@egg-logrotator/app/schedule/rotate_by_file.js
2019-03-05 10:04:22,612 INFO 8880 [egg-schedule]: register schedule /home/sue/NodeProject/EggDemo/egg-example-handy/node_modules/_egg-logrotator@3.0.5@egg-logrotator/app/schedule/clean_log.js
2019-03-05 10:04:22,612 INFO 8880 [egg-schedule]: register schedule /home/sue/NodeProject/EggDemo/egg-example-handy/node_modules/_egg-logrotator@3.0.5@egg-logrotator/app/schedule/rotate_by_file.js
2019-03-05 10:04:25,402 INFO 8900 [egg-schedule]: register schedule /home/sue/NodeProject/EggDemo/egg-example-handy/node_modules/_egg-logrotator@3.0.5@egg-logrotator/app/schedule/clean_log.js
2019-03-05 10:04:25,402 INFO 8900 [egg-schedule]: register schedule /home/sue/NodeProject/EggDemo/egg-example-handy/node_modules/_egg-logrotator@3.0.5@egg-logrotator/app/schedule/rotate_by_file.js
2019-03-05 10:04:27,298 INFO 8920 [egg-schedule]: register schedule /home/sue/NodeProject/EggDemo/egg-example-handy/node_modules/_egg-logrotator@3.0.5@egg-logrotator/app/schedule/clean_log.js
2019-03-05 10:04:27,298 INFO 8920 [egg-schedule]: register schedule /home/sue/NodeProject/EggDemo/egg-example-handy/node_modules/_egg-logrotator@3.0.5@egg-logrotator/app/schedule/rotate_by_file.js
2019-03-05 10:36:17,632 INFO 10728 [Timer] /home/sue/NodeProject/EggDemo/egg-example-handy/node_modules/_egg-logrotator@3.0.5@egg-logrotator/app/schedule/clean_log.js next time will execute after 48222370ms at 2019-03-06 00:00:00.002
2019-03-05 10:36:17,632 INFO 10728 [Timer] /home/sue/NodeProject/EggDemo/egg-example-handy/node_modules/_egg-logrotator@3.0.5@egg-logrotator/app/schedule/rotate_by_file.js next time will execute after 48223368ms at 2019-03-06 00:00:01.000
2019-03-05 10:36:17,585 INFO 10739 [egg-schedule]: register schedule /home/sue/NodeProject/EggDemo/egg-example-handy/node_modules/_egg-logrotator@3.0.5@egg-logrotator/app/schedule/clean_log.js
2019-03-05 10:36:17,585 INFO 10739 [egg-schedule]: register schedule /home/sue/NodeProject/EggDemo/egg-example-handy/node_modules/_egg-logrotator@3.0.5@egg-logrotator/app/schedule/rotate_by_file.js
2019-03-05 10:37:22,278 INFO 10971 [egg-schedule]: register schedule /home/sue/NodeProject/EggDemo/egg-example-handy/node_modules/_egg-logrotator@3.0.5@egg-logrotator/app/schedule/clean_log.js
2019-03-05 10:37:22,278 INFO 10971 [egg-schedule]: register schedule /home/sue/NodeProject/EggDemo/egg-example-handy/node_modules/_egg-logrotator@3.0.5@egg-logrotator/app/schedule/rotate_by_file.js
2019-03-05 10:42:31,901 INFO 11523 [egg-schedule]: register schedule /home/sue/NodeProject/EggDemo/egg-example-handy/node_modules/_egg-logrotator@3.0.5@egg-logrotator/app/schedule/clean_log.js
2019-03-05 10:42:31,901 INFO 11523 [egg-schedule]: register schedule /home/sue/NodeProject/EggDemo/egg-example-handy/node_modules/_egg-logrotator@3.0.5@egg-logrotator/app/schedule/rotate_by_file.js
2019-03-05 10:43:50,920 INFO 11662 [egg-schedule]: register schedule /home/sue/NodeProject/EggDemo/egg-example-handy/node_modules/_egg-logrotator@3.0.5@egg-logrotator/app/schedule/clean_log.js
2019-03-05 10:43:50,920 INFO 11662 [egg-schedule]: register schedule /home/sue/NodeProject/EggDemo/egg-example-handy/node_modules/_egg-logrotator@3.0.5@egg-logrotator/app/schedule/rotate_by_file.js
2019-03-05 10:44:10,252 INFO 11697 [egg-schedule]: register schedule /home/sue/NodeProject/EggDemo/egg-example-handy/node_modules/_egg-logrotator@3.0.5@egg-logrotator/app/schedule/clean_log.js
2019-03-05 10:44:10,252 INFO 11697 [egg-schedule]: register schedule /home/sue/NodeProject/EggDemo/egg-example-handy/node_modules/_egg-logrotator@3.0.5@egg-logrotator/app/schedule/rotate_by_file.js
2019-03-05 10:44:39,775 INFO 11727 [egg-schedule]: register schedule /home/sue/NodeProject/EggDemo/egg-example-handy/node_modules/_egg-logrotator@3.0.5@egg-logrotator/app/schedule/clean_log.js
2019-03-05 10:44:39,775 INFO 11727 [egg-schedule]: register schedule /home/sue/NodeProject/EggDemo/egg-example-handy/node_modules/_egg-logrotator@3.0.5@egg-logrotator/app/schedule/rotate_by_file.js
2019-03-05 10:44:40,880 INFO 11738 [egg-schedule]: register schedule /home/sue/NodeProject/EggDemo/egg-example-handy/node_modules/_egg-logrotator@3.0.5@egg-logrotator/app/schedule/clean_log.js
2019-03-05 10:44:40,880 INFO 11738 [egg-schedule]: register schedule /home/sue/NodeProject/EggDemo/egg-example-handy/node_modules/_egg-logrotator@3.0.5@egg-logrotator/app/schedule/rotate_by_file.js
2019-03-05 10:45:55,699 INFO 11789 [egg-schedule]: register schedule /home/sue/NodeProject/EggDemo/egg-example-handy/node_modules/_egg-logrotator@3.0.5@egg-logrotator/app/schedule/clean_log.js
2019-03-05 10:45:55,699 INFO 11789 [egg-schedule]: register schedule /home/sue/NodeProject/EggDemo/egg-example-handy/node_modules/_egg-logrotator@3.0.5@egg-logrotator/app/schedule/rotate_by_file.js
2019-03-05 10:45:58,291 INFO 11810 [egg-schedule]: register schedule /home/sue/NodeProject/EggDemo/egg-example-handy/node_modules/_egg-logrotator@3.0.5@egg-logrotator/app/schedule/clean_log.js
2019-03-05 10:45:58,291 INFO 11810 [egg-schedule]: register schedule /home/sue/NodeProject/EggDemo/egg-example-handy/node_modules/_egg-logrotator@3.0.5@egg-logrotator/app/schedule/rotate_by_file.js
2019-03-05 10:46:00,061 INFO 11821 [egg-schedule]: register schedule /home/sue/NodeProject/EggDemo/egg-example-handy/node_modules/_egg-logrotator@3.0.5@egg-logrotator/app/schedule/clean_log.js
2019-03-05 10:46:00,061 INFO 11821 [egg-schedule]: register schedule /home/sue/NodeProject/EggDemo/egg-example-handy/node_modules/_egg-logrotator@3.0.5@egg-logrotator/app/schedule/rotate_by_file.js
2019-03-05 10:46:02,329 INFO 11832 [egg-schedule]: register schedule /home/sue/NodeProject/EggDemo/egg-example-handy/node_modules/_egg-logrotator@3.0.5@egg-logrotator/app/schedule/clean_log.js
2019-03-05 10:46:02,329 INFO 11832 [egg-schedule]: register schedule /home/sue/NodeProject/EggDemo/egg-example-handy/node_modules/_egg-logrotator@3.0.5@egg-logrotator/app/schedule/rotate_by_file.js
2019-03-05 10:46:06,624 INFO 11843 [egg-schedule]: register schedule /home/sue/NodeProject/EggDemo/egg-example-handy/node_modules/_egg-logrotator@3.0.5@egg-logrotator/app/schedule/clean_log.js
2019-03-05 10:46:06,624 INFO 11843 [egg-schedule]: register schedule /home/sue/NodeProject/EggDemo/egg-example-handy/node_modules/_egg-logrotator@3.0.5@egg-logrotator/app/schedule/rotate_by_file.js
2019-03-05 11:01:59,132 INFO 13473 [Timer] /home/sue/NodeProject/EggDemo/egg-example-handy/node_modules/_egg-logrotator@3.0.5@egg-logrotator/app/schedule/clean_log.js next time will execute after 46680870ms at 2019-03-06 00:00:00.002
2019-03-05 11:01:59,133 INFO 13473 [Timer] /home/sue/NodeProject/EggDemo/egg-example-handy/node_modules/_egg-logrotator@3.0.5@egg-logrotator/app/schedule/rotate_by_file.js next time will execute after 46681868ms at 2019-03-06 00:00:01.001
2019-03-05 11:01:59,083 INFO 13493 [egg-schedule]: register schedule /home/sue/NodeProject/EggDemo/egg-example-handy/node_modules/_egg-logrotator@3.0.5@egg-logrotator/app/schedule/clean_log.js
2019-03-05 11:01:59,083 INFO 13493 [egg-schedule]: register schedule /home/sue/NodeProject/EggDemo/egg-example-handy/node_modules/_egg-logrotator@3.0.5@egg-logrotator/app/schedule/rotate_by_file.js
2019-03-05 11:03:33,040 INFO 13756 [Timer] /home/sue/NodeProject/EggDemo/egg-example-handy/node_modules/_egg-logrotator@3.0.5@egg-logrotator/app/schedule/clean_log.js next time will execute after 46586961ms at 2019-03-06 00:00:00.001
2019-03-05 11:03:33,041 INFO 13756 [Timer] /home/sue/NodeProject/EggDemo/egg-example-handy/node_modules/_egg-logrotator@3.0.5@egg-logrotator/app/schedule/rotate_by_file.js next time will execute after 46587959ms at 2019-03-06 00:00:01.000
2019-03-05 11:03:32,988 INFO 13767 [egg-schedule]: register schedule /home/sue/NodeProject/EggDemo/egg-example-handy/node_modules/_egg-logrotator@3.0.5@egg-logrotator/app/schedule/clean_log.js
2019-03-05 11:03:32,988 INFO 13767 [egg-schedule]: register schedule /home/sue/NodeProject/EggDemo/egg-example-handy/node_modules/_egg-logrotator@3.0.5@egg-logrotator/app/schedule/rotate_by_file.js
2019-03-05 11:03:49,742 INFO 13851 [egg-schedule]: register schedule /home/sue/NodeProject/EggDemo/egg-example-handy/node_modules/_egg-logrotator@3.0.5@egg-logrotator/app/schedule/clean_log.js
2019-03-05 11:03:49,742 INFO 13851 [egg-schedule]: register schedule /home/sue/NodeProject/EggDemo/egg-example-handy/node_modules/_egg-logrotator@3.0.5@egg-logrotator/app/schedule/rotate_by_file.js
2019-03-05 11:03:56,442 INFO 13893 [egg-schedule]: register schedule /home/sue/NodeProject/EggDemo/egg-example-handy/node_modules/_egg-logrotator@3.0.5@egg-logrotator/app/schedule/clean_log.js
2019-03-05 11:03:56,442 INFO 13893 [egg-schedule]: register schedule /home/sue/NodeProject/EggDemo/egg-example-handy/node_modules/_egg-logrotator@3.0.5@egg-logrotator/app/schedule/rotate_by_file.js
2019-03-05 11:04:04,106 INFO 13950 [egg-schedule]: register schedule /home/sue/NodeProject/EggDemo/egg-example-handy/node_modules/_egg-logrotator@3.0.5@egg-logrotator/app/schedule/clean_log.js
2019-03-05 11:04:04,106 INFO 13950 [egg-schedule]: register schedule /home/sue/NodeProject/EggDemo/egg-example-handy/node_modules/_egg-logrotator@3.0.5@egg-logrotator/app/schedule/rotate_by_file.js
2019-03-05 11:04:08,060 INFO 13980 [egg-schedule]: register schedule /home/sue/NodeProject/EggDemo/egg-example-handy/node_modules/_egg-logrotator@3.0.5@egg-logrotator/app/schedule/clean_log.js
2019-03-05 11:04:08,060 INFO 13980 [egg-schedule]: register schedule /home/sue/NodeProject/EggDemo/egg-example-handy/node_modules/_egg-logrotator@3.0.5@egg-logrotator/app/schedule/rotate_by_file.js
2019-03-05 11:04:18,079 INFO 14015 [egg-schedule]: register schedule /home/sue/NodeProject/EggDemo/egg-example-handy/node_modules/_egg-logrotator@3.0.5@egg-logrotator/app/schedule/clean_log.js
2019-03-05 11:04:18,079 INFO 14015 [egg-schedule]: register schedule /home/sue/NodeProject/EggDemo/egg-example-handy/node_modules/_egg-logrotator@3.0.5@egg-logrotator/app/schedule/rotate_by_file.js
2019-03-05 11:04:36,522 INFO 14114 [egg-schedule]: register schedule /home/sue/NodeProject/EggDemo/egg-example-handy/node_modules/_egg-logrotator@3.0.5@egg-logrotator/app/schedule/clean_log.js
2019-03-05 11:04:36,522 INFO 14114 [egg-schedule]: register schedule /home/sue/NodeProject/EggDemo/egg-example-handy/node_modules/_egg-logrotator@3.0.5@egg-logrotator/app/schedule/rotate_by_file.js
2019-03-05 11:04:38,349 INFO 14136 [egg-schedule]: register schedule /home/sue/NodeProject/EggDemo/egg-example-handy/node_modules/_egg-logrotator@3.0.5@egg-logrotator/app/schedule/clean_log.js
2019-03-05 11:04:38,349 INFO 14136 [egg-schedule]: register schedule /home/sue/NodeProject/EggDemo/egg-example-handy/node_modules/_egg-logrotator@3.0.5@egg-logrotator/app/schedule/rotate_by_file.js
2019-03-05 11:04:41,553 INFO 14156 [egg-schedule]: register schedule /home/sue/NodeProject/EggDemo/egg-example-handy/node_modules/_egg-logrotator@3.0.5@egg-logrotator/app/schedule/clean_log.js
2019-03-05 11:04:41,553 INFO 14156 [egg-schedule]: register schedule /home/sue/NodeProject/EggDemo/egg-example-handy/node_modules/_egg-logrotator@3.0.5@egg-logrotator/app/schedule/rotate_by_file.js
2019-03-05 11:04:43,930 INFO 14176 [egg-schedule]: register schedule /home/sue/NodeProject/EggDemo/egg-example-handy/node_modules/_egg-logrotator@3.0.5@egg-logrotator/app/schedule/clean_log.js
2019-03-05 11:04:43,930 INFO 14176 [egg-schedule]: register schedule /home/sue/NodeProject/EggDemo/egg-example-handy/node_modules/_egg-logrotator@3.0.5@egg-logrotator/app/schedule/rotate_by_file.js
2019-03-05 11:04:47,628 INFO 14196 [egg-schedule]: register schedule /home/sue/NodeProject/EggDemo/egg-example-handy/node_modules/_egg-logrotator@3.0.5@egg-logrotator/app/schedule/clean_log.js
2019-03-05 11:04:47,628 INFO 14196 [egg-schedule]: register schedule /home/sue/NodeProject/EggDemo/egg-example-handy/node_modules/_egg-logrotator@3.0.5@egg-logrotator/app/schedule/rotate_by_file.js
2019-03-05 11:04:52,661 INFO 14217 [egg-schedule]: register schedule /home/sue/NodeProject/EggDemo/egg-example-handy/node_modules/_egg-logrotator@3.0.5@egg-logrotator/app/schedule/clean_log.js
2019-03-05 11:04:52,661 INFO 14217 [egg-schedule]: register schedule /home/sue/NodeProject/EggDemo/egg-example-handy/node_modules/_egg-logrotator@3.0.5@egg-logrotator/app/schedule/rotate_by_file.js
2019-03-05 11:05:14,285 INFO 14280 [egg-schedule]: register schedule /home/sue/NodeProject/EggDemo/egg-example-handy/node_modules/_egg-logrotator@3.0.5@egg-logrotator/app/schedule/clean_log.js
2019-03-05 11:05:14,285 INFO 14280 [egg-schedule]: register schedule /home/sue/NodeProject/EggDemo/egg-example-handy/node_modules/_egg-logrotator@3.0.5@egg-logrotator/app/schedule/rotate_by_file.js
2019-03-05 11:05:53,544 INFO 14306 [egg-schedule]: register schedule /home/sue/NodeProject/EggDemo/egg-example-handy/node_modules/_egg-logrotator@3.0.5@egg-logrotator/app/schedule/clean_log.js
2019-03-05 11:05:53,544 INFO 14306 [egg-schedule]: register schedule /home/sue/NodeProject/EggDemo/egg-example-handy/node_modules/_egg-logrotator@3.0.5@egg-logrotator/app/schedule/rotate_by_file.js
2019-03-05 11:05:59,391 INFO 14327 [egg-schedule]: register schedule /home/sue/NodeProject/EggDemo/egg-example-handy/node_modules/_egg-logrotator@3.0.5@egg-logrotator/app/schedule/clean_log.js
2019-03-05 11:05:59,391 INFO 14327 [egg-schedule]: register schedule /home/sue/NodeProject/EggDemo/egg-example-handy/node_modules/_egg-logrotator@3.0.5@egg-logrotator/app/schedule/rotate_by_file.js
2019-03-05 11:06:02,172 INFO 14338 [egg-schedule]: register schedule /home/sue/NodeProject/EggDemo/egg-example-handy/node_modules/_egg-logrotator@3.0.5@egg-logrotator/app/schedule/clean_log.js
2019-03-05 11:06:02,172 INFO 14338 [egg-schedule]: register schedule /home/sue/NodeProject/EggDemo/egg-example-handy/node_modules/_egg-logrotator@3.0.5@egg-logrotator/app/schedule/rotate_by_file.js
2019-03-05 11:06:31,320 INFO 14371 [egg-schedule]: register schedule /home/sue/NodeProject/EggDemo/egg-example-handy/node_modules/_egg-logrotator@3.0.5@egg-logrotator/app/schedule/clean_log.js
2019-03-05 11:06:31,320 INFO 14371 [egg-schedule]: register schedule /home/sue/NodeProject/EggDemo/egg-example-handy/node_modules/_egg-logrotator@3.0.5@egg-logrotator/app/schedule/rotate_by_file.js
2019-03-05 11:06:32,837 INFO 14383 [egg-schedule]: register schedule /home/sue/NodeProject/EggDemo/egg-example-handy/node_modules/_egg-logrotator@3.0.5@egg-logrotator/app/schedule/clean_log.js
2019-03-05 11:06:32,837 INFO 14383 [egg-schedule]: register schedule /home/sue/NodeProject/EggDemo/egg-example-handy/node_modules/_egg-logrotator@3.0.5@egg-logrotator/app/schedule/rotate_by_file.js
2019-03-05 11:06:33,935 INFO 14396 [egg-schedule]: register schedule /home/sue/NodeProject/EggDemo/egg-example-handy/node_modules/_egg-logrotator@3.0.5@egg-logrotator/app/schedule/clean_log.js
2019-03-05 11:06:33,935 INFO 14396 [egg-schedule]: register schedule /home/sue/NodeProject/EggDemo/egg-example-handy/node_modules/_egg-logrotator@3.0.5@egg-logrotator/app/schedule/rotate_by_file.js
2019-03-05 11:21:00,369 INFO 15227 [egg-schedule]: register schedule /home/sue/NodeProject/EggDemo/egg-example-handy/node_modules/_egg-logrotator@3.0.5@egg-logrotator/app/schedule/clean_log.js
2019-03-05 11:21:00,369 INFO 15227 [egg-schedule]: register schedule /home/sue/NodeProject/EggDemo/egg-example-handy/node_modules/_egg-logrotator@3.0.5@egg-logrotator/app/schedule/rotate_by_file.js
2019-03-05 11:21:02,210 INFO 15238 [egg-schedule]: register schedule /home/sue/NodeProject/EggDemo/egg-example-handy/node_modules/_egg-logrotator@3.0.5@egg-logrotator/app/schedule/clean_log.js
2019-03-05 11:21:02,210 INFO 15238 [egg-schedule]: register schedule /home/sue/NodeProject/EggDemo/egg-example-handy/node_modules/_egg-logrotator@3.0.5@egg-logrotator/app/schedule/rotate_by_file.js
2019-03-05 11:21:03,524 INFO 15249 [egg-schedule]: register schedule /home/sue/NodeProject/EggDemo/egg-example-handy/node_modules/_egg-logrotator@3.0.5@egg-logrotator/app/schedule/clean_log.js
2019-03-05 11:21:03,524 INFO 15249 [egg-schedule]: register schedule /home/sue/NodeProject/EggDemo/egg-example-handy/node_modules/_egg-logrotator@3.0.5@egg-logrotator/app/schedule/rotate_by_file.js
2019-03-05 11:22:32,761 INFO 15315 [egg-schedule]: register schedule /home/sue/NodeProject/EggDemo/egg-example-handy/node_modules/_egg-logrotator@3.0.5@egg-logrotator/app/schedule/clean_log.js
2019-03-05 11:22:32,761 INFO 15315 [egg-schedule]: register schedule /home/sue/NodeProject/EggDemo/egg-example-handy/node_modules/_egg-logrotator@3.0.5@egg-logrotator/app/schedule/rotate_by_file.js
2019-03-05 11:22:34,322 INFO 15326 [egg-schedule]: register schedule /home/sue/NodeProject/EggDemo/egg-example-handy/node_modules/_egg-logrotator@3.0.5@egg-logrotator/app/schedule/clean_log.js
2019-03-05 11:22:34,322 INFO 15326 [egg-schedule]: register schedule /home/sue/NodeProject/EggDemo/egg-example-handy/node_modules/_egg-logrotator@3.0.5@egg-logrotator/app/schedule/rotate_by_file.js
2019-03-05 11:22:44,582 INFO 15339 [egg-schedule]: register schedule /home/sue/NodeProject/EggDemo/egg-example-handy/node_modules/_egg-logrotator@3.0.5@egg-logrotator/app/schedule/clean_log.js
2019-03-05 11:22:44,582 INFO 15339 [egg-schedule]: register schedule /home/sue/NodeProject/EggDemo/egg-example-handy/node_modules/_egg-logrotator@3.0.5@egg-logrotator/app/schedule/rotate_by_file.js
2019-03-05 11:23:04,515 INFO 15368 [egg-schedule]: register schedule /home/sue/NodeProject/EggDemo/egg-example-handy/node_modules/_egg-logrotator@3.0.5@egg-logrotator/app/schedule/clean_log.js
2019-03-05 11:23:04,515 INFO 15368 [egg-schedule]: register schedule /home/sue/NodeProject/EggDemo/egg-example-handy/node_modules/_egg-logrotator@3.0.5@egg-logrotator/app/schedule/rotate_by_file.js
2019-03-05 11:23:30,600 INFO 15433 [egg-schedule]: register schedule /home/sue/NodeProject/EggDemo/egg-example-handy/node_modules/_egg-logrotator@3.0.5@egg-logrotator/app/schedule/clean_log.js
2019-03-05 11:23:30,600 INFO 15433 [egg-schedule]: register schedule /home/sue/NodeProject/EggDemo/egg-example-handy/node_modules/_egg-logrotator@3.0.5@egg-logrotator/app/schedule/rotate_by_file.js
2019-03-05 11:23:32,558 INFO 15448 [egg-schedule]: register schedule /home/sue/NodeProject/EggDemo/egg-example-handy/node_modules/_egg-logrotator@3.0.5@egg-logrotator/app/schedule/clean_log.js
2019-03-05 11:23:32,558 INFO 15448 [egg-schedule]: register schedule /home/sue/NodeProject/EggDemo/egg-example-handy/node_modules/_egg-logrotator@3.0.5@egg-logrotator/app/schedule/rotate_by_file.js
2019-03-05 11:23:49,371 INFO 15463 [egg-schedule]: register schedule /home/sue/NodeProject/EggDemo/egg-example-handy/node_modules/_egg-logrotator@3.0.5@egg-logrotator/app/schedule/clean_log.js
2019-03-05 11:23:49,371 INFO 15463 [egg-schedule]: register schedule /home/sue/NodeProject/EggDemo/egg-example-handy/node_modules/_egg-logrotator@3.0.5@egg-logrotator/app/schedule/rotate_by_file.js
2019-03-05 11:23:50,569 INFO 15476 [egg-schedule]: register schedule /home/sue/NodeProject/EggDemo/egg-example-handy/node_modules/_egg-logrotator@3.0.5@egg-logrotator/app/schedule/clean_log.js
2019-03-05 11:23:50,569 INFO 15476 [egg-schedule]: register schedule /home/sue/NodeProject/EggDemo/egg-example-handy/node_modules/_egg-logrotator@3.0.5@egg-logrotator/app/schedule/rotate_by_file.js
2019-03-05 11:24:09,762 INFO 15503 [egg-schedule]: register schedule /home/sue/NodeProject/EggDemo/egg-example-handy/node_modules/_egg-logrotator@3.0.5@egg-logrotator/app/schedule/clean_log.js
2019-03-05 11:24:09,762 INFO 15503 [egg-schedule]: register schedule /home/sue/NodeProject/EggDemo/egg-example-handy/node_modules/_egg-logrotator@3.0.5@egg-logrotator/app/schedule/rotate_by_file.js
2019-03-05 11:24:11,382 INFO 15514 [egg-schedule]: register schedule /home/sue/NodeProject/EggDemo/egg-example-handy/node_modules/_egg-logrotator@3.0.5@egg-logrotator/app/schedule/clean_log.js
2019-03-05 11:24:11,382 INFO 15514 [egg-schedule]: register schedule /home/sue/NodeProject/EggDemo/egg-example-handy/node_modules/_egg-logrotator@3.0.5@egg-logrotator/app/schedule/rotate_by_file.js
2019-03-05 11:24:12,897 INFO 15525 [egg-schedule]: register schedule /home/sue/NodeProject/EggDemo/egg-example-handy/node_modules/_egg-logrotator@3.0.5@egg-logrotator/app/schedule/clean_log.js
2019-03-05 11:24:12,897 INFO 15525 [egg-schedule]: register schedule /home/sue/NodeProject/EggDemo/egg-example-handy/node_modules/_egg-logrotator@3.0.5@egg-logrotator/app/schedule/rotate_by_file.js
2019-03-05 11:24:24,441 INFO 15555 [egg-schedule]: register schedule /home/sue/NodeProject/EggDemo/egg-example-handy/node_modules/_egg-logrotator@3.0.5@egg-logrotator/app/schedule/clean_log.js
2019-03-05 11:24:24,441 INFO 15555 [egg-schedule]: register schedule /home/sue/NodeProject/EggDemo/egg-example-handy/node_modules/_egg-logrotator@3.0.5@egg-logrotator/app/schedule/rotate_by_file.js
2019-03-05 11:24:25,615 INFO 15566 [egg-schedule]: register schedule /home/sue/NodeProject/EggDemo/egg-example-handy/node_modules/_egg-logrotator@3.0.5@egg-logrotator/app/schedule/clean_log.js
2019-03-05 11:24:25,615 INFO 15566 [egg-schedule]: register schedule /home/sue/NodeProject/EggDemo/egg-example-handy/node_modules/_egg-logrotator@3.0.5@egg-logrotator/app/schedule/rotate_by_file.js
2019-03-05 11:24:30,523 INFO 15586 [egg-schedule]: register schedule /home/sue/NodeProject/EggDemo/egg-example-handy/node_modules/_egg-logrotator@3.0.5@egg-logrotator/app/schedule/clean_log.js
2019-03-05 11:24:30,523 INFO 15586 [egg-schedule]: register schedule /home/sue/NodeProject/EggDemo/egg-example-handy/node_modules/_egg-logrotator@3.0.5@egg-logrotator/app/schedule/rotate_by_file.js
2019-03-05 11:24:32,605 INFO 15597 [egg-schedule]: register schedule /home/sue/NodeProject/EggDemo/egg-example-handy/node_modules/_egg-logrotator@3.0.5@egg-logrotator/app/schedule/clean_log.js
2019-03-05 11:24:32,605 INFO 15597 [egg-schedule]: register schedule /home/sue/NodeProject/EggDemo/egg-example-handy/node_modules/_egg-logrotator@3.0.5@egg-logrotator/app/schedule/rotate_by_file.js
2019-03-05 11:25:41,506 INFO 15660 [egg-schedule]: register schedule /home/sue/NodeProject/EggDemo/egg-example-handy/node_modules/_egg-logrotator@3.0.5@egg-logrotator/app/schedule/clean_log.js
2019-03-05 11:25:41,506 INFO 15660 [egg-schedule]: register schedule /home/sue/NodeProject/EggDemo/egg-example-handy/node_modules/_egg-logrotator@3.0.5@egg-logrotator/app/schedule/rotate_by_file.js
2019-03-05 11:25:46,888 INFO 15675 [egg-schedule]: register schedule /home/sue/NodeProject/EggDemo/egg-example-handy/node_modules/_egg-logrotator@3.0.5@egg-logrotator/app/schedule/clean_log.js
2019-03-05 11:25:46,888 INFO 15675 [egg-schedule]: register schedule /home/sue/NodeProject/EggDemo/egg-example-handy/node_modules/_egg-logrotator@3.0.5@egg-logrotator/app/schedule/rotate_by_file.js
2019-03-05 11:26:08,637 INFO 15696 [egg-schedule]: register schedule /home/sue/NodeProject/EggDemo/egg-example-handy/node_modules/_egg-logrotator@3.0.5@egg-logrotator/app/schedule/clean_log.js
2019-03-05 11:26:08,637 INFO 15696 [egg-schedule]: register schedule /home/sue/NodeProject/EggDemo/egg-example-handy/node_modules/_egg-logrotator@3.0.5@egg-logrotator/app/schedule/rotate_by_file.js
2019-03-05 11:26:09,755 INFO 15707 [egg-schedule]: register schedule /home/sue/NodeProject/EggDemo/egg-example-handy/node_modules/_egg-logrotator@3.0.5@egg-logrotator/app/schedule/clean_log.js
2019-03-05 11:26:09,755 INFO 15707 [egg-schedule]: register schedule /home/sue/NodeProject/EggDemo/egg-example-handy/node_modules/_egg-logrotator@3.0.5@egg-logrotator/app/schedule/rotate_by_file.js
2019-03-05 11:26:15,431 INFO 15718 [egg-schedule]: register schedule /home/sue/NodeProject/EggDemo/egg-example-handy/node_modules/_egg-logrotator@3.0.5@egg-logrotator/app/schedule/clean_log.js
2019-03-05 11:26:15,431 INFO 15718 [egg-schedule]: register schedule /home/sue/NodeProject/EggDemo/egg-example-handy/node_modules/_egg-logrotator@3.0.5@egg-logrotator/app/schedule/rotate_by_file.js
2019-03-05 11:26:26,772 INFO 15731 [egg-schedule]: register schedule /home/sue/NodeProject/EggDemo/egg-example-handy/node_modules/_egg-logrotator@3.0.5@egg-logrotator/app/schedule/clean_log.js
2019-03-05 11:26:26,772 INFO 15731 [egg-schedule]: register schedule /home/sue/NodeProject/EggDemo/egg-example-handy/node_modules/_egg-logrotator@3.0.5@egg-logrotator/app/schedule/rotate_by_file.js
2019-03-05 11:26:42,726 INFO 15800 [Timer] /home/sue/NodeProject/EggDemo/egg-example-handy/node_modules/_egg-logrotator@3.0.5@egg-logrotator/app/schedule/clean_log.js next time will execute after 45197276ms at 2019-03-06 00:00:00.002
2019-03-05 11:26:42,726 INFO 15800 [Timer] /home/sue/NodeProject/EggDemo/egg-example-handy/node_modules/_egg-logrotator@3.0.5@egg-logrotator/app/schedule/rotate_by_file.js next time will execute after 45198274ms at 2019-03-06 00:00:01.000
2019-03-05 11:26:42,681 INFO 15811 [egg-schedule]: register schedule /home/sue/NodeProject/EggDemo/egg-example-handy/node_modules/_egg-logrotator@3.0.5@egg-logrotator/app/schedule/clean_log.js
2019-03-05 11:26:42,681 INFO 15811 [egg-schedule]: register schedule /home/sue/NodeProject/EggDemo/egg-example-handy/node_modules/_egg-logrotator@3.0.5@egg-logrotator/app/schedule/rotate_by_file.js
2019-03-05 11:28:56,389 INFO 15901 [egg-schedule]: register schedule /home/sue/NodeProject/EggDemo/egg-example-handy/node_modules/_egg-logrotator@3.0.5@egg-logrotator/app/schedule/clean_log.js
2019-03-05 11:28:56,389 INFO 15901 [egg-schedule]: register schedule /home/sue/NodeProject/EggDemo/egg-example-handy/node_modules/_egg-logrotator@3.0.5@egg-logrotator/app/schedule/rotate_by_file.js
2019-03-05 11:29:08,975 INFO 15935 [egg-schedule]: register schedule /home/sue/NodeProject/EggDemo/egg-example-handy/node_modules/_egg-logrotator@3.0.5@egg-logrotator/app/schedule/clean_log.js
2019-03-05 11:29:08,975 INFO 15935 [egg-schedule]: register schedule /home/sue/NodeProject/EggDemo/egg-example-handy/node_modules/_egg-logrotator@3.0.5@egg-logrotator/app/schedule/rotate_by_file.js
2019-03-05 11:29:11,185 INFO 15947 [egg-schedule]: register schedule /home/sue/NodeProject/EggDemo/egg-example-handy/node_modules/_egg-logrotator@3.0.5@egg-logrotator/app/schedule/clean_log.js
2019-03-05 11:29:11,185 INFO 15947 [egg-schedule]: register schedule /home/sue/NodeProject/EggDemo/egg-example-handy/node_modules/_egg-logrotator@3.0.5@egg-logrotator/app/schedule/rotate_by_file.js
2019-03-05 11:29:12,360 INFO 15960 [egg-schedule]: register schedule /home/sue/NodeProject/EggDemo/egg-example-handy/node_modules/_egg-logrotator@3.0.5@egg-logrotator/app/schedule/clean_log.js
2019-03-05 11:29:12,360 INFO 15960 [egg-schedule]: register schedule /home/sue/NodeProject/EggDemo/egg-example-handy/node_modules/_egg-logrotator@3.0.5@egg-logrotator/app/schedule/rotate_by_file.js
2019-03-05 11:29:14,316 INFO 15971 [egg-schedule]: register schedule /home/sue/NodeProject/EggDemo/egg-example-handy/node_modules/_egg-logrotator@3.0.5@egg-logrotator/app/schedule/clean_log.js
2019-03-05 11:29:14,316 INFO 15971 [egg-schedule]: register schedule /home/sue/NodeProject/EggDemo/egg-example-handy/node_modules/_egg-logrotator@3.0.5@egg-logrotator/app/schedule/rotate_by_file.js
2019-03-05 11:29:17,020 INFO 15982 [egg-schedule]: register schedule /home/sue/NodeProject/EggDemo/egg-example-handy/node_modules/_egg-logrotator@3.0.5@egg-logrotator/app/schedule/clean_log.js
2019-03-05 11:29:17,020 INFO 15982 [egg-schedule]: register schedule /home/sue/NodeProject/EggDemo/egg-example-handy/node_modules/_egg-logrotator@3.0.5@egg-logrotator/app/schedule/rotate_by_file.js
2019-03-05 11:29:24,629 INFO 16045 [Timer] /home/sue/NodeProject/EggDemo/egg-example-handy/node_modules/_egg-logrotator@3.0.5@egg-logrotator/app/schedule/clean_log.js next time will execute after 45035372ms at 2019-03-06 00:00:00.001
2019-03-05 11:29:24,630 INFO 16045 [Timer] /home/sue/NodeProject/EggDemo/egg-example-handy/node_modules/_egg-logrotator@3.0.5@egg-logrotator/app/schedule/rotate_by_file.js next time will execute after 45036370ms at 2019-03-06 00:00:01.000
2019-03-05 11:29:24,584 INFO 16056 [egg-schedule]: register schedule /home/sue/NodeProject/EggDemo/egg-example-handy/node_modules/_egg-logrotator@3.0.5@egg-logrotator/app/schedule/clean_log.js
2019-03-05 11:29:24,585 INFO 16056 [egg-schedule]: register schedule /home/sue/NodeProject/EggDemo/egg-example-handy/node_modules/_egg-logrotator@3.0.5@egg-logrotator/app/schedule/rotate_by_file.js
2019-03-05 11:29:34,795 INFO 16084 [egg-schedule]: register schedule /home/sue/NodeProject/EggDemo/egg-example-handy/node_modules/_egg-logrotator@3.0.5@egg-logrotator/app/schedule/clean_log.js
2019-03-05 11:29:34,796 INFO 16084 [egg-schedule]: register schedule /home/sue/NodeProject/EggDemo/egg-example-handy/node_modules/_egg-logrotator@3.0.5@egg-logrotator/app/schedule/rotate_by_file.js
2019-03-05 11:29:36,192 INFO 16099 [egg-schedule]: register schedule /home/sue/NodeProject/EggDemo/egg-example-handy/node_modules/_egg-logrotator@3.0.5@egg-logrotator/app/schedule/clean_log.js
2019-03-05 11:29:36,192 INFO 16099 [egg-schedule]: register schedule /home/sue/NodeProject/EggDemo/egg-example-handy/node_modules/_egg-logrotator@3.0.5@egg-logrotator/app/schedule/rotate_by_file.js
2019-03-05 11:30:22,973 INFO 16128 [egg-schedule]: register schedule /home/sue/NodeProject/EggDemo/egg-example-handy/node_modules/_egg-logrotator@3.0.5@egg-logrotator/app/schedule/clean_log.js
2019-03-05 11:30:22,973 INFO 16128 [egg-schedule]: register schedule /home/sue/NodeProject/EggDemo/egg-example-handy/node_modules/_egg-logrotator@3.0.5@egg-logrotator/app/schedule/rotate_by_file.js
2019-03-05 11:30:28,188 INFO 16150 [egg-schedule]: register schedule /home/sue/NodeProject/EggDemo/egg-example-handy/node_modules/_egg-logrotator@3.0.5@egg-logrotator/app/schedule/clean_log.js
2019-03-05 11:30:28,188 INFO 16150 [egg-schedule]: register schedule /home/sue/NodeProject/EggDemo/egg-example-handy/node_modules/_egg-logrotator@3.0.5@egg-logrotator/app/schedule/rotate_by_file.js
2019-03-05 11:30:35,763 INFO 16174 [egg-schedule]: register schedule /home/sue/NodeProject/EggDemo/egg-example-handy/node_modules/_egg-logrotator@3.0.5@egg-logrotator/app/schedule/clean_log.js
2019-03-05 11:30:35,763 INFO 16174 [egg-schedule]: register schedule /home/sue/NodeProject/EggDemo/egg-example-handy/node_modules/_egg-logrotator@3.0.5@egg-logrotator/app/schedule/rotate_by_file.js
2019-03-05 11:30:44,828 INFO 16186 [egg-schedule]: register schedule /home/sue/NodeProject/EggDemo/egg-example-handy/node_modules/_egg-logrotator@3.0.5@egg-logrotator/app/schedule/clean_log.js
2019-03-05 11:30:44,828 INFO 16186 [egg-schedule]: register schedule /home/sue/NodeProject/EggDemo/egg-example-handy/node_modules/_egg-logrotator@3.0.5@egg-logrotator/app/schedule/rotate_by_file.js
2019-03-05 11:30:52,305 INFO 16239 [Timer] /home/sue/NodeProject/EggDemo/egg-example-handy/node_modules/_egg-logrotator@3.0.5@egg-logrotator/app/schedule/clean_log.js next time will execute after 44947697ms at 2019-03-06 00:00:00.002
2019-03-05 11:30:52,305 INFO 16239 [Timer] /home/sue/NodeProject/EggDemo/egg-example-handy/node_modules/_egg-logrotator@3.0.5@egg-logrotator/app/schedule/rotate_by_file.js next time will execute after 44948695ms at 2019-03-06 00:00:01.000
2019-03-05 11:30:52,253 INFO 16250 [egg-schedule]: register schedule /home/sue/NodeProject/EggDemo/egg-example-handy/node_modules/_egg-logrotator@3.0.5@egg-logrotator/app/schedule/clean_log.js
2019-03-05 11:30:52,253 INFO 16250 [egg-schedule]: register schedule /home/sue/NodeProject/EggDemo/egg-example-handy/node_modules/_egg-logrotator@3.0.5@egg-logrotator/app/schedule/rotate_by_file.js
2019-03-05 13:39:29,207 INFO 18027 [egg-schedule]: register schedule /home/sue/NodeProject/EggDemo/egg-example-handy/node_modules/_egg-logrotator@3.0.5@egg-logrotator/app/schedule/clean_log.js
2019-03-05 13:39:29,207 INFO 18027 [egg-schedule]: register schedule /home/sue/NodeProject/EggDemo/egg-example-handy/node_modules/_egg-logrotator@3.0.5@egg-logrotator/app/schedule/rotate_by_file.js
2019-03-05 13:39:32,012 INFO 18048 [egg-schedule]: register schedule /home/sue/NodeProject/EggDemo/egg-example-handy/node_modules/_egg-logrotator@3.0.5@egg-logrotator/app/schedule/clean_log.js
2019-03-05 13:39:32,012 INFO 18048 [egg-schedule]: register schedule /home/sue/NodeProject/EggDemo/egg-example-handy/node_modules/_egg-logrotator@3.0.5@egg-logrotator/app/schedule/rotate_by_file.js
2019-03-05 13:39:52,188 INFO 18087 [egg-schedule]: register schedule /home/sue/NodeProject/EggDemo/egg-example-handy/node_modules/_egg-logrotator@3.0.5@egg-logrotator/app/schedule/clean_log.js
2019-03-05 13:39:52,188 INFO 18087 [egg-schedule]: register schedule /home/sue/NodeProject/EggDemo/egg-example-handy/node_modules/_egg-logrotator@3.0.5@egg-logrotator/app/schedule/rotate_by_file.js
2019-03-05 13:40:35,916 INFO 18130 [egg-schedule]: register schedule /home/sue/NodeProject/EggDemo/egg-example-handy/node_modules/_egg-logrotator@3.0.5@egg-logrotator/app/schedule/clean_log.js
2019-03-05 13:40:35,916 INFO 18130 [egg-schedule]: register schedule /home/sue/NodeProject/EggDemo/egg-example-handy/node_modules/_egg-logrotator@3.0.5@egg-logrotator/app/schedule/rotate_by_file.js
2019-03-05 13:41:33,564 INFO 18164 [egg-schedule]: register schedule /home/sue/NodeProject/EggDemo/egg-example-handy/node_modules/_egg-logrotator@3.0.5@egg-logrotator/app/schedule/clean_log.js
2019-03-05 13:41:33,564 INFO 18164 [egg-schedule]: register schedule /home/sue/NodeProject/EggDemo/egg-example-handy/node_modules/_egg-logrotator@3.0.5@egg-logrotator/app/schedule/rotate_by_file.js
2019-03-05 13:42:03,031 INFO 18213 [egg-schedule]: register schedule /home/sue/NodeProject/EggDemo/egg-example-handy/node_modules/_egg-logrotator@3.0.5@egg-logrotator/app/schedule/clean_log.js
2019-03-05 13:42:03,031 INFO 18213 [egg-schedule]: register schedule /home/sue/NodeProject/EggDemo/egg-example-handy/node_modules/_egg-logrotator@3.0.5@egg-logrotator/app/schedule/rotate_by_file.js
2019-03-05 13:45:40,711 INFO 18314 [egg-schedule]: register schedule /home/sue/NodeProject/EggDemo/egg-example-handy/node_modules/_egg-logrotator@3.0.5@egg-logrotator/app/schedule/clean_log.js
2019-03-05 13:45:40,711 INFO 18314 [egg-schedule]: register schedule /home/sue/NodeProject/EggDemo/egg-example-handy/node_modules/_egg-logrotator@3.0.5@egg-logrotator/app/schedule/rotate_by_file.js
2019-03-05 13:45:41,971 INFO 18326 [egg-schedule]: register schedule /home/sue/NodeProject/EggDemo/egg-example-handy/node_modules/_egg-logrotator@3.0.5@egg-logrotator/app/schedule/clean_log.js
2019-03-05 13:45:41,972 INFO 18326 [egg-schedule]: register schedule /home/sue/NodeProject/EggDemo/egg-example-handy/node_modules/_egg-logrotator@3.0.5@egg-logrotator/app/schedule/rotate_by_file.js
2019-03-05 14:04:53,065 INFO 19179 [Timer] /home/sue/NodeProject/EggDemo/egg-example-handy/node_modules/_egg-logrotator@3.0.5@egg-logrotator/app/schedule/clean_log.js next time will execute after 35706936ms at 2019-03-06 00:00:00.001
2019-03-05 14:04:53,066 INFO 19179 [Timer] /home/sue/NodeProject/EggDemo/egg-example-handy/node_modules/_egg-logrotator@3.0.5@egg-logrotator/app/schedule/rotate_by_file.js next time will execute after 35707934ms at 2019-03-06 00:00:01.000
2019-03-05 14:04:53,018 INFO 19190 [egg-schedule]: register schedule /home/sue/NodeProject/EggDemo/egg-example-handy/node_modules/_egg-logrotator@3.0.5@egg-logrotator/app/schedule/clean_log.js
2019-03-05 14:04:53,018 INFO 19190 [egg-schedule]: register schedule /home/sue/NodeProject/EggDemo/egg-example-handy/node_modules/_egg-logrotator@3.0.5@egg-logrotator/app/schedule/rotate_by_file.js
2019-03-05 14:05:17,225 INFO 19206 [egg-schedule]: register schedule /home/sue/NodeProject/EggDemo/egg-example-handy/node_modules/_egg-logrotator@3.0.5@egg-logrotator/app/schedule/clean_log.js
2019-03-05 14:05:17,225 INFO 19206 [egg-schedule]: register schedule /home/sue/NodeProject/EggDemo/egg-example-handy/node_modules/_egg-logrotator@3.0.5@egg-logrotator/app/schedule/rotate_by_file.js
2019-03-05 14:05:18,622 INFO 19217 [egg-schedule]: register schedule /home/sue/NodeProject/EggDemo/egg-example-handy/node_modules/_egg-logrotator@3.0.5@egg-logrotator/app/schedule/clean_log.js
2019-03-05 14:05:18,622 INFO 19217 [egg-schedule]: register schedule /home/sue/NodeProject/EggDemo/egg-example-handy/node_modules/_egg-logrotator@3.0.5@egg-logrotator/app/schedule/rotate_by_file.js
2019-03-05 14:05:27,938 INFO 19256 [egg-schedule]: register schedule /home/sue/NodeProject/EggDemo/egg-example-handy/node_modules/_egg-logrotator@3.0.5@egg-logrotator/app/schedule/clean_log.js
2019-03-05 14:05:27,938 INFO 19256 [egg-schedule]: register schedule /home/sue/NodeProject/EggDemo/egg-example-handy/node_modules/_egg-logrotator@3.0.5@egg-logrotator/app/schedule/rotate_by_file.js
2019-03-05 14:05:32,000 INFO 19285 [egg-schedule]: register schedule /home/sue/NodeProject/EggDemo/egg-example-handy/node_modules/_egg-logrotator@3.0.5@egg-logrotator/app/schedule/clean_log.js
2019-03-05 14:05:32,000 INFO 19285 [egg-schedule]: register schedule /home/sue/NodeProject/EggDemo/egg-example-handy/node_modules/_egg-logrotator@3.0.5@egg-logrotator/app/schedule/rotate_by_file.js
2019-03-05 14:05:35,982 INFO 19316 [egg-schedule]: register schedule /home/sue/NodeProject/EggDemo/egg-example-handy/node_modules/_egg-logrotator@3.0.5@egg-logrotator/app/schedule/clean_log.js
2019-03-05 14:05:35,982 INFO 19316 [egg-schedule]: register schedule /home/sue/NodeProject/EggDemo/egg-example-handy/node_modules/_egg-logrotator@3.0.5@egg-logrotator/app/schedule/rotate_by_file.js
2019-03-05 14:05:40,837 INFO 19347 [egg-schedule]: register schedule /home/sue/NodeProject/EggDemo/egg-example-handy/node_modules/_egg-logrotator@3.0.5@egg-logrotator/app/schedule/clean_log.js
2019-03-05 14:05:40,837 INFO 19347 [egg-schedule]: register schedule /home/sue/NodeProject/EggDemo/egg-example-handy/node_modules/_egg-logrotator@3.0.5@egg-logrotator/app/schedule/rotate_by_file.js
2019-03-05 14:05:44,374 INFO 19359 [egg-schedule]: register schedule /home/sue/NodeProject/EggDemo/egg-example-handy/node_modules/_egg-logrotator@3.0.5@egg-logrotator/app/schedule/clean_log.js
2019-03-05 14:05:44,374 INFO 19359 [egg-schedule]: register schedule /home/sue/NodeProject/EggDemo/egg-example-handy/node_modules/_egg-logrotator@3.0.5@egg-logrotator/app/schedule/rotate_by_file.js
2019-03-05 14:05:59,252 INFO 19400 [egg-schedule]: register schedule /home/sue/NodeProject/EggDemo/egg-example-handy/node_modules/_egg-logrotator@3.0.5@egg-logrotator/app/schedule/clean_log.js
2019-03-05 14:05:59,252 INFO 19400 [egg-schedule]: register schedule /home/sue/NodeProject/EggDemo/egg-example-handy/node_modules/_egg-logrotator@3.0.5@egg-logrotator/app/schedule/rotate_by_file.js
2019-03-05 14:06:10,506 INFO 19412 [egg-schedule]: register schedule /home/sue/NodeProject/EggDemo/egg-example-handy/node_modules/_egg-logrotator@3.0.5@egg-logrotator/app/schedule/clean_log.js
2019-03-05 14:06:10,506 INFO 19412 [egg-schedule]: register schedule /home/sue/NodeProject/EggDemo/egg-example-handy/node_modules/_egg-logrotator@3.0.5@egg-logrotator/app/schedule/rotate_by_file.js
2019-03-05 14:06:18,678 INFO 19424 [egg-schedule]: register schedule /home/sue/NodeProject/EggDemo/egg-example-handy/node_modules/_egg-logrotator@3.0.5@egg-logrotator/app/schedule/clean_log.js
2019-03-05 14:06:18,678 INFO 19424 [egg-schedule]: register schedule /home/sue/NodeProject/EggDemo/egg-example-handy/node_modules/_egg-logrotator@3.0.5@egg-logrotator/app/schedule/rotate_by_file.js
2019-03-05 14:06:28,564 INFO 19442 [egg-schedule]: register schedule /home/sue/NodeProject/EggDemo/egg-example-handy/node_modules/_egg-logrotator@3.0.5@egg-logrotator/app/schedule/clean_log.js
2019-03-05 14:06:28,564 INFO 19442 [egg-schedule]: register schedule /home/sue/NodeProject/EggDemo/egg-example-handy/node_modules/_egg-logrotator@3.0.5@egg-logrotator/app/schedule/rotate_by_file.js
2019-03-05 14:06:32,496 INFO 19455 [egg-schedule]: register schedule /home/sue/NodeProject/EggDemo/egg-example-handy/node_modules/_egg-logrotator@3.0.5@egg-logrotator/app/schedule/clean_log.js
2019-03-05 14:06:32,496 INFO 19455 [egg-schedule]: register schedule /home/sue/NodeProject/EggDemo/egg-example-handy/node_modules/_egg-logrotator@3.0.5@egg-logrotator/app/schedule/rotate_by_file.js
2019-03-05 14:06:35,310 INFO 19466 [egg-schedule]: register schedule /home/sue/NodeProject/EggDemo/egg-example-handy/node_modules/_egg-logrotator@3.0.5@egg-logrotator/app/schedule/clean_log.js
2019-03-05 14:06:35,310 INFO 19466 [egg-schedule]: register schedule /home/sue/NodeProject/EggDemo/egg-example-handy/node_modules/_egg-logrotator@3.0.5@egg-logrotator/app/schedule/rotate_by_file.js
2019-03-05 14:06:39,736 INFO 19479 [egg-schedule]: register schedule /home/sue/NodeProject/EggDemo/egg-example-handy/node_modules/_egg-logrotator@3.0.5@egg-logrotator/app/schedule/clean_log.js
2019-03-05 14:06:39,736 INFO 19479 [egg-schedule]: register schedule /home/sue/NodeProject/EggDemo/egg-example-handy/node_modules/_egg-logrotator@3.0.5@egg-logrotator/app/schedule/rotate_by_file.js
2019-03-05 14:06:45,149 INFO 19501 [egg-schedule]: register schedule /home/sue/NodeProject/EggDemo/egg-example-handy/node_modules/_egg-logrotator@3.0.5@egg-logrotator/app/schedule/clean_log.js
2019-03-05 14:06:45,149 INFO 19501 [egg-schedule]: register schedule /home/sue/NodeProject/EggDemo/egg-example-handy/node_modules/_egg-logrotator@3.0.5@egg-logrotator/app/schedule/rotate_by_file.js
2019-03-05 14:06:52,451 INFO 19512 [egg-schedule]: register schedule /home/sue/NodeProject/EggDemo/egg-example-handy/node_modules/_egg-logrotator@3.0.5@egg-logrotator/app/schedule/clean_log.js
2019-03-05 14:06:52,451 INFO 19512 [egg-schedule]: register schedule /home/sue/NodeProject/EggDemo/egg-example-handy/node_modules/_egg-logrotator@3.0.5@egg-logrotator/app/schedule/rotate_by_file.js
2019-03-05 14:06:56,782 INFO 19523 [egg-schedule]: register schedule /home/sue/NodeProject/EggDemo/egg-example-handy/node_modules/_egg-logrotator@3.0.5@egg-logrotator/app/schedule/clean_log.js
2019-03-05 14:06:56,782 INFO 19523 [egg-schedule]: register schedule /home/sue/NodeProject/EggDemo/egg-example-handy/node_modules/_egg-logrotator@3.0.5@egg-logrotator/app/schedule/rotate_by_file.js
2019-03-05 14:07:20,460 INFO 19575 [Timer] /home/sue/NodeProject/EggDemo/egg-example-handy/node_modules/_egg-logrotator@3.0.5@egg-logrotator/app/schedule/clean_log.js next time will execute after 35559542ms at 2019-03-06 00:00:00.002
2019-03-05 14:07:20,461 INFO 19575 [Timer] /home/sue/NodeProject/EggDemo/egg-example-handy/node_modules/_egg-logrotator@3.0.5@egg-logrotator/app/schedule/rotate_by_file.js next time will execute after 35560540ms at 2019-03-06 00:00:01.001
2019-03-05 14:07:20,412 INFO 19586 [egg-schedule]: register schedule /home/sue/NodeProject/EggDemo/egg-example-handy/node_modules/_egg-logrotator@3.0.5@egg-logrotator/app/schedule/clean_log.js
2019-03-05 14:07:20,412 INFO 19586 [egg-schedule]: register schedule /home/sue/NodeProject/EggDemo/egg-example-handy/node_modules/_egg-logrotator@3.0.5@egg-logrotator/app/schedule/rotate_by_file.js
2019-03-05 14:11:08,936 INFO 19947 [Timer] /home/sue/NodeProject/EggDemo/egg-example-handy/node_modules/_egg-logrotator@3.0.5@egg-logrotator/app/schedule/clean_log.js next time will execute after 35331066ms at 2019-03-06 00:00:00.002
2019-03-05 14:11:08,936 INFO 19947 [Timer] /home/sue/NodeProject/EggDemo/egg-example-handy/node_modules/_egg-logrotator@3.0.5@egg-logrotator/app/schedule/rotate_by_file.js next time will execute after 35332064ms at 2019-03-06 00:00:01.000
2019-03-05 14:11:08,884 INFO 19958 [egg-schedule]: register schedule /home/sue/NodeProject/EggDemo/egg-example-handy/node_modules/_egg-logrotator@3.0.5@egg-logrotator/app/schedule/clean_log.js
2019-03-05 14:11:08,884 INFO 19958 [egg-schedule]: register schedule /home/sue/NodeProject/EggDemo/egg-example-handy/node_modules/_egg-logrotator@3.0.5@egg-logrotator/app/schedule/rotate_by_file.js
2019-03-05 14:12:41,200 INFO 20066 [egg-schedule]: register schedule /home/sue/NodeProject/EggDemo/egg-example-handy/node_modules/_egg-logrotator@3.0.5@egg-logrotator/app/schedule/clean_log.js
2019-03-05 14:12:41,200 INFO 20066 [egg-schedule]: register schedule /home/sue/NodeProject/EggDemo/egg-example-handy/node_modules/_egg-logrotator@3.0.5@egg-logrotator/app/schedule/rotate_by_file.js
2019-03-05 14:12:43,500 INFO 20079 [egg-schedule]: register schedule /home/sue/NodeProject/EggDemo/egg-example-handy/node_modules/_egg-logrotator@3.0.5@egg-logrotator/app/schedule/clean_log.js
2019-03-05 14:12:43,500 INFO 20079 [egg-schedule]: register schedule /home/sue/NodeProject/EggDemo/egg-example-handy/node_modules/_egg-logrotator@3.0.5@egg-logrotator/app/schedule/rotate_by_file.js
2019-03-05 14:12:59,086 INFO 20097 [egg-schedule]: register schedule /home/sue/NodeProject/EggDemo/egg-example-handy/node_modules/_egg-logrotator@3.0.5@egg-logrotator/app/schedule/clean_log.js
2019-03-05 14:12:59,086 INFO 20097 [egg-schedule]: register schedule /home/sue/NodeProject/EggDemo/egg-example-handy/node_modules/_egg-logrotator@3.0.5@egg-logrotator/app/schedule/rotate_by_file.js
2019-03-05 14:13:12,719 INFO 20153 [Timer] /home/sue/NodeProject/EggDemo/egg-example-handy/node_modules/_egg-logrotator@3.0.5@egg-logrotator/app/schedule/clean_log.js next time will execute after 35207283ms at 2019-03-06 00:00:00.002
2019-03-05 14:13:12,719 INFO 20153 [Timer] /home/sue/NodeProject/EggDemo/egg-example-handy/node_modules/_egg-logrotator@3.0.5@egg-logrotator/app/schedule/rotate_by_file.js next time will execute after 35208281ms at 2019-03-06 00:00:01.000
2019-03-05 14:13:12,667 INFO 20164 [egg-schedule]: register schedule /home/sue/NodeProject/EggDemo/egg-example-handy/node_modules/_egg-logrotator@3.0.5@egg-logrotator/app/schedule/clean_log.js
2019-03-05 14:13:12,667 INFO 20164 [egg-schedule]: register schedule /home/sue/NodeProject/EggDemo/egg-example-handy/node_modules/_egg-logrotator@3.0.5@egg-logrotator/app/schedule/rotate_by_file.js
2019-03-05 14:13:41,777 INFO 20181 [egg-schedule]: register schedule /home/sue/NodeProject/EggDemo/egg-example-handy/node_modules/_egg-logrotator@3.0.5@egg-logrotator/app/schedule/clean_log.js
2019-03-05 14:13:41,777 INFO 20181 [egg-schedule]: register schedule /home/sue/NodeProject/EggDemo/egg-example-handy/node_modules/_egg-logrotator@3.0.5@egg-logrotator/app/schedule/rotate_by_file.js
2019-03-05 14:13:51,545 INFO 20216 [egg-schedule]: register schedule /home/sue/NodeProject/EggDemo/egg-example-handy/node_modules/_egg-logrotator@3.0.5@egg-logrotator/app/schedule/clean_log.js
2019-03-05 14:13:51,545 INFO 20216 [egg-schedule]: register schedule /home/sue/NodeProject/EggDemo/egg-example-handy/node_modules/_egg-logrotator@3.0.5@egg-logrotator/app/schedule/rotate_by_file.js
2019-03-05 14:13:52,928 INFO 20228 [egg-schedule]: register schedule /home/sue/NodeProject/EggDemo/egg-example-handy/node_modules/_egg-logrotator@3.0.5@egg-logrotator/app/schedule/clean_log.js
2019-03-05 14:13:52,928 INFO 20228 [egg-schedule]: register schedule /home/sue/NodeProject/EggDemo/egg-example-handy/node_modules/_egg-logrotator@3.0.5@egg-logrotator/app/schedule/rotate_by_file.js
2019-03-05 14:13:54,669 INFO 20239 [egg-schedule]: register schedule /home/sue/NodeProject/EggDemo/egg-example-handy/node_modules/_egg-logrotator@3.0.5@egg-logrotator/app/schedule/clean_log.js
2019-03-05 14:13:54,669 INFO 20239 [egg-schedule]: register schedule /home/sue/NodeProject/EggDemo/egg-example-handy/node_modules/_egg-logrotator@3.0.5@egg-logrotator/app/schedule/rotate_by_file.js
2019-03-05 14:13:58,566 INFO 20250 [egg-schedule]: register schedule /home/sue/NodeProject/EggDemo/egg-example-handy/node_modules/_egg-logrotator@3.0.5@egg-logrotator/app/schedule/clean_log.js
2019-03-05 14:13:58,566 INFO 20250 [egg-schedule]: register schedule /home/sue/NodeProject/EggDemo/egg-example-handy/node_modules/_egg-logrotator@3.0.5@egg-logrotator/app/schedule/rotate_by_file.js
2019-03-05 14:15:23,417 INFO 20340 [Timer] /home/sue/NodeProject/EggDemo/egg-example-handy/node_modules/_egg-logrotator@3.0.5@egg-logrotator/app/schedule/clean_log.js next time will execute after 35076585ms at 2019-03-06 00:00:00.002
2019-03-05 14:15:23,417 INFO 20340 [Timer] /home/sue/NodeProject/EggDemo/egg-example-handy/node_modules/_egg-logrotator@3.0.5@egg-logrotator/app/schedule/rotate_by_file.js next time will execute after 35077583ms at 2019-03-06 00:00:01.000
2019-03-05 14:15:23,370 INFO 20351 [egg-schedule]: register schedule /home/sue/NodeProject/EggDemo/egg-example-handy/node_modules/_egg-logrotator@3.0.5@egg-logrotator/app/schedule/clean_log.js
2019-03-05 14:15:23,370 INFO 20351 [egg-schedule]: register schedule /home/sue/NodeProject/EggDemo/egg-example-handy/node_modules/_egg-logrotator@3.0.5@egg-logrotator/app/schedule/rotate_by_file.js
2019-03-05 14:15:36,284 INFO 20369 [egg-schedule]: register schedule /home/sue/NodeProject/EggDemo/egg-example-handy/node_modules/_egg-logrotator@3.0.5@egg-logrotator/app/schedule/clean_log.js
2019-03-05 14:15:36,284 INFO 20369 [egg-schedule]: register schedule /home/sue/NodeProject/EggDemo/egg-example-handy/node_modules/_egg-logrotator@3.0.5@egg-logrotator/app/schedule/rotate_by_file.js
2019-03-05 14:15:42,315 INFO 20388 [egg-schedule]: register schedule /home/sue/NodeProject/EggDemo/egg-example-handy/node_modules/_egg-logrotator@3.0.5@egg-logrotator/app/schedule/clean_log.js
2019-03-05 14:15:42,315 INFO 20388 [egg-schedule]: register schedule /home/sue/NodeProject/EggDemo/egg-example-handy/node_modules/_egg-logrotator@3.0.5@egg-logrotator/app/schedule/rotate_by_file.js
2019-03-05 14:16:05,402 INFO 20514 [Timer] /home/sue/NodeProject/EggDemo/egg-example-handy/node_modules/_egg-logrotator@3.0.5@egg-logrotator/app/schedule/clean_log.js next time will execute after 35034599ms at 2019-03-06 00:00:00.001
2019-03-05 14:16:05,403 INFO 20514 [Timer] /home/sue/NodeProject/EggDemo/egg-example-handy/node_modules/_egg-logrotator@3.0.5@egg-logrotator/app/schedule/rotate_by_file.js next time will execute after 35035597ms at 2019-03-06 00:00:01.000
2019-03-05 14:16:05,353 INFO 20525 [egg-schedule]: register schedule /home/sue/NodeProject/EggDemo/egg-example-handy/node_modules/_egg-logrotator@3.0.5@egg-logrotator/app/schedule/clean_log.js
2019-03-05 14:16:05,353 INFO 20525 [egg-schedule]: register schedule /home/sue/NodeProject/EggDemo/egg-example-handy/node_modules/_egg-logrotator@3.0.5@egg-logrotator/app/schedule/rotate_by_file.js
2019-03-05 14:16:57,284 INFO 20616 [egg-schedule]: register schedule /home/sue/NodeProject/EggDemo/egg-example-handy/node_modules/_egg-logrotator@3.0.5@egg-logrotator/app/schedule/clean_log.js
2019-03-05 14:16:57,284 INFO 20616 [egg-schedule]: register schedule /home/sue/NodeProject/EggDemo/egg-example-handy/node_modules/_egg-logrotator@3.0.5@egg-logrotator/app/schedule/rotate_by_file.js
2019-03-05 14:16:59,348 INFO 20628 [egg-schedule]: register schedule /home/sue/NodeProject/EggDemo/egg-example-handy/node_modules/_egg-logrotator@3.0.5@egg-logrotator/app/schedule/clean_log.js
2019-03-05 14:16:59,348 INFO 20628 [egg-schedule]: register schedule /home/sue/NodeProject/EggDemo/egg-example-handy/node_modules/_egg-logrotator@3.0.5@egg-logrotator/app/schedule/rotate_by_file.js
2019-03-05 14:17:02,230 INFO 20642 [egg-schedule]: register schedule /home/sue/NodeProject/EggDemo/egg-example-handy/node_modules/_egg-logrotator@3.0.5@egg-logrotator/app/schedule/clean_log.js
2019-03-05 14:17:02,230 INFO 20642 [egg-schedule]: register schedule /home/sue/NodeProject/EggDemo/egg-example-handy/node_modules/_egg-logrotator@3.0.5@egg-logrotator/app/schedule/rotate_by_file.js
2019-03-05 14:17:04,753 INFO 20653 [egg-schedule]: register schedule /home/sue/NodeProject/EggDemo/egg-example-handy/node_modules/_egg-logrotator@3.0.5@egg-logrotator/app/schedule/clean_log.js
2019-03-05 14:17:04,753 INFO 20653 [egg-schedule]: register schedule /home/sue/NodeProject/EggDemo/egg-example-handy/node_modules/_egg-logrotator@3.0.5@egg-logrotator/app/schedule/rotate_by_file.js
2019-03-05 14:17:09,375 INFO 20707 [Timer] /home/sue/NodeProject/EggDemo/egg-example-handy/node_modules/_egg-logrotator@3.0.5@egg-logrotator/app/schedule/clean_log.js next time will execute after 34970627ms at 2019-03-06 00:00:00.002
2019-03-05 14:17:09,376 INFO 20707 [Timer] /home/sue/NodeProject/EggDemo/egg-example-handy/node_modules/_egg-logrotator@3.0.5@egg-logrotator/app/schedule/rotate_by_file.js next time will execute after 34971625ms at 2019-03-06 00:00:01.001
2019-03-05 14:17:09,324 INFO 20718 [egg-schedule]: register schedule /home/sue/NodeProject/EggDemo/egg-example-handy/node_modules/_egg-logrotator@3.0.5@egg-logrotator/app/schedule/clean_log.js
2019-03-05 14:17:09,325 INFO 20718 [egg-schedule]: register schedule /home/sue/NodeProject/EggDemo/egg-example-handy/node_modules/_egg-logrotator@3.0.5@egg-logrotator/app/schedule/rotate_by_file.js
2019-03-05 14:17:30,846 INFO 20798 [Timer] /home/sue/NodeProject/EggDemo/egg-example-handy/node_modules/_egg-logrotator@3.0.5@egg-logrotator/app/schedule/clean_log.js next time will execute after 34949156ms at 2019-03-06 00:00:00.002
2019-03-05 14:17:30,846 INFO 20798 [Timer] /home/sue/NodeProject/EggDemo/egg-example-handy/node_modules/_egg-logrotator@3.0.5@egg-logrotator/app/schedule/rotate_by_file.js next time will execute after 34950154ms at 2019-03-06 00:00:01.000
2019-03-05 14:17:30,799 INFO 20809 [egg-schedule]: register schedule /home/sue/NodeProject/EggDemo/egg-example-handy/node_modules/_egg-logrotator@3.0.5@egg-logrotator/app/schedule/clean_log.js
2019-03-05 14:17:30,799 INFO 20809 [egg-schedule]: register schedule /home/sue/NodeProject/EggDemo/egg-example-handy/node_modules/_egg-logrotator@3.0.5@egg-logrotator/app/schedule/rotate_by_file.js
2019-03-05 14:18:25,234 INFO 20838 [egg-schedule]: register schedule /home/sue/NodeProject/EggDemo/egg-example-handy/node_modules/_egg-logrotator@3.0.5@egg-logrotator/app/schedule/clean_log.js
2019-03-05 14:18:25,234 INFO 20838 [egg-schedule]: register schedule /home/sue/NodeProject/EggDemo/egg-example-handy/node_modules/_egg-logrotator@3.0.5@egg-logrotator/app/schedule/rotate_by_file.js
2019-03-05 14:18:34,644 INFO 20891 [Timer] /home/sue/NodeProject/EggDemo/egg-example-handy/node_modules/_egg-logrotator@3.0.5@egg-logrotator/app/schedule/clean_log.js next time will execute after 34885360ms at 2019-03-06 00:00:00.004
2019-03-05 14:18:34,644 INFO 20891 [Timer] /home/sue/NodeProject/EggDemo/egg-example-handy/node_modules/_egg-logrotator@3.0.5@egg-logrotator/app/schedule/rotate_by_file.js next time will execute after 34886356ms at 2019-03-06 00:00:01.000
2019-03-05 14:18:34,583 INFO 20902 [egg-schedule]: register schedule /home/sue/NodeProject/EggDemo/egg-example-handy/node_modules/_egg-logrotator@3.0.5@egg-logrotator/app/schedule/clean_log.js
2019-03-05 14:18:34,583 INFO 20902 [egg-schedule]: register schedule /home/sue/NodeProject/EggDemo/egg-example-handy/node_modules/_egg-logrotator@3.0.5@egg-logrotator/app/schedule/rotate_by_file.js
2019-03-05 14:19:15,160 INFO 20980 [Timer] /home/sue/NodeProject/EggDemo/egg-example-handy/node_modules/_egg-logrotator@3.0.5@egg-logrotator/app/schedule/clean_log.js next time will execute after 34844842ms at 2019-03-06 00:00:00.002
2019-03-05 14:19:15,160 INFO 20980 [Timer] /home/sue/NodeProject/EggDemo/egg-example-handy/node_modules/_egg-logrotator@3.0.5@egg-logrotator/app/schedule/rotate_by_file.js next time will execute after 34845840ms at 2019-03-06 00:00:01.000
2019-03-05 14:19:15,112 INFO 20991 [egg-schedule]: register schedule /home/sue/NodeProject/EggDemo/egg-example-handy/node_modules/_egg-logrotator@3.0.5@egg-logrotator/app/schedule/clean_log.js
2019-03-05 14:19:15,112 INFO 20991 [egg-schedule]: register schedule /home/sue/NodeProject/EggDemo/egg-example-handy/node_modules/_egg-logrotator@3.0.5@egg-logrotator/app/schedule/rotate_by_file.js
2019-03-05 14:20:06,603 INFO 21014 [egg-schedule]: register schedule /home/sue/NodeProject/EggDemo/egg-example-handy/node_modules/_egg-logrotator@3.0.5@egg-logrotator/app/schedule/clean_log.js
2019-03-05 14:20:06,603 INFO 21014 [egg-schedule]: register schedule /home/sue/NodeProject/EggDemo/egg-example-handy/node_modules/_egg-logrotator@3.0.5@egg-logrotator/app/schedule/rotate_by_file.js
2019-03-05 14:20:17,882 INFO 21045 [egg-schedule]: register schedule /home/sue/NodeProject/EggDemo/egg-example-handy/node_modules/_egg-logrotator@3.0.5@egg-logrotator/app/schedule/clean_log.js
2019-03-05 14:20:17,882 INFO 21045 [egg-schedule]: register schedule /home/sue/NodeProject/EggDemo/egg-example-handy/node_modules/_egg-logrotator@3.0.5@egg-logrotator/app/schedule/rotate_by_file.js
2019-03-05 14:20:22,839 INFO 21056 [egg-schedule]: register schedule /home/sue/NodeProject/EggDemo/egg-example-handy/node_modules/_egg-logrotator@3.0.5@egg-logrotator/app/schedule/clean_log.js
2019-03-05 14:20:22,839 INFO 21056 [egg-schedule]: register schedule /home/sue/NodeProject/EggDemo/egg-example-handy/node_modules/_egg-logrotator@3.0.5@egg-logrotator/app/schedule/rotate_by_file.js
2019-03-05 14:20:25,360 INFO 21067 [egg-schedule]: register schedule /home/sue/NodeProject/EggDemo/egg-example-handy/node_modules/_egg-logrotator@3.0.5@egg-logrotator/app/schedule/clean_log.js
2019-03-05 14:20:25,360 INFO 21067 [egg-schedule]: register schedule /home/sue/NodeProject/EggDemo/egg-example-handy/node_modules/_egg-logrotator@3.0.5@egg-logrotator/app/schedule/rotate_by_file.js
2019-03-05 14:20:31,419 INFO 21131 [Timer] /home/sue/NodeProject/EggDemo/egg-example-handy/node_modules/_egg-logrotator@3.0.5@egg-logrotator/app/schedule/clean_log.js next time will execute after 34768582ms at 2019-03-06 00:00:00.001
2019-03-05 14:20:31,420 INFO 21131 [Timer] /home/sue/NodeProject/EggDemo/egg-example-handy/node_modules/_egg-logrotator@3.0.5@egg-logrotator/app/schedule/rotate_by_file.js next time will execute after 34769581ms at 2019-03-06 00:00:01.001
2019-03-05 14:20:31,360 INFO 21146 [egg-schedule]: register schedule /home/sue/NodeProject/EggDemo/egg-example-handy/node_modules/_egg-logrotator@3.0.5@egg-logrotator/app/schedule/clean_log.js
2019-03-05 14:20:31,360 INFO 21146 [egg-schedule]: register schedule /home/sue/NodeProject/EggDemo/egg-example-handy/node_modules/_egg-logrotator@3.0.5@egg-logrotator/app/schedule/rotate_by_file.js
2019-03-05 14:20:59,387 INFO 21169 [egg-schedule]: register schedule /home/sue/NodeProject/EggDemo/egg-example-handy/node_modules/_egg-logrotator@3.0.5@egg-logrotator/app/schedule/clean_log.js
2019-03-05 14:20:59,387 INFO 21169 [egg-schedule]: register schedule /home/sue/NodeProject/EggDemo/egg-example-handy/node_modules/_egg-logrotator@3.0.5@egg-logrotator/app/schedule/rotate_by_file.js
2019-03-05 14:21:05,404 INFO 21196 [egg-schedule]: register schedule /home/sue/NodeProject/EggDemo/egg-example-handy/node_modules/_egg-logrotator@3.0.5@egg-logrotator/app/schedule/clean_log.js
2019-03-05 14:21:05,404 INFO 21196 [egg-schedule]: register schedule /home/sue/NodeProject/EggDemo/egg-example-handy/node_modules/_egg-logrotator@3.0.5@egg-logrotator/app/schedule/rotate_by_file.js
2019-03-05 14:21:17,770 INFO 21262 [egg-schedule]: register schedule /home/sue/NodeProject/EggDemo/egg-example-handy/node_modules/_egg-logrotator@3.0.5@egg-logrotator/app/schedule/clean_log.js
2019-03-05 14:21:17,770 INFO 21262 [egg-schedule]: register schedule /home/sue/NodeProject/EggDemo/egg-example-handy/node_modules/_egg-logrotator@3.0.5@egg-logrotator/app/schedule/rotate_by_file.js
2019-03-05 14:21:30,904 INFO 21273 [egg-schedule]: register schedule /home/sue/NodeProject/EggDemo/egg-example-handy/node_modules/_egg-logrotator@3.0.5@egg-logrotator/app/schedule/clean_log.js
2019-03-05 14:21:30,904 INFO 21273 [egg-schedule]: register schedule /home/sue/NodeProject/EggDemo/egg-example-handy/node_modules/_egg-logrotator@3.0.5@egg-logrotator/app/schedule/rotate_by_file.js
2019-03-05 14:21:36,995 INFO 21311 [egg-schedule]: register schedule /home/sue/NodeProject/EggDemo/egg-example-handy/node_modules/_egg-logrotator@3.0.5@egg-logrotator/app/schedule/clean_log.js
2019-03-05 14:21:36,995 INFO 21311 [egg-schedule]: register schedule /home/sue/NodeProject/EggDemo/egg-example-handy/node_modules/_egg-logrotator@3.0.5@egg-logrotator/app/schedule/rotate_by_file.js
2019-03-05 14:21:40,283 INFO 21322 [egg-schedule]: register schedule /home/sue/NodeProject/EggDemo/egg-example-handy/node_modules/_egg-logrotator@3.0.5@egg-logrotator/app/schedule/clean_log.js
2019-03-05 14:21:40,283 INFO 21322 [egg-schedule]: register schedule /home/sue/NodeProject/EggDemo/egg-example-handy/node_modules/_egg-logrotator@3.0.5@egg-logrotator/app/schedule/rotate_by_file.js
2019-03-05 14:21:44,886 INFO 21334 [egg-schedule]: register schedule /home/sue/NodeProject/EggDemo/egg-example-handy/node_modules/_egg-logrotator@3.0.5@egg-logrotator/app/schedule/clean_log.js
2019-03-05 14:21:44,886 INFO 21334 [egg-schedule]: register schedule /home/sue/NodeProject/EggDemo/egg-example-handy/node_modules/_egg-logrotator@3.0.5@egg-logrotator/app/schedule/rotate_by_file.js
2019-03-05 14:44:38,827 INFO 22180 [Timer] /home/sue/NodeProject/EggDemo/egg-example-handy/node_modules/_egg-logrotator@3.0.5@egg-logrotator/app/schedule/clean_log.js next time will execute after 33321175ms at 2019-03-06 00:00:00.002
2019-03-05 14:44:38,827 INFO 22180 [Timer] /home/sue/NodeProject/EggDemo/egg-example-handy/node_modules/_egg-logrotator@3.0.5@egg-logrotator/app/schedule/rotate_by_file.js next time will execute after 33322173ms at 2019-03-06 00:00:01.000
2019-03-05 14:44:38,780 INFO 22191 [egg-schedule]: register schedule /home/sue/NodeProject/EggDemo/egg-example-handy/node_modules/_egg-logrotator@3.0.5@egg-logrotator/app/schedule/clean_log.js
2019-03-05 14:44:38,780 INFO 22191 [egg-schedule]: register schedule /home/sue/NodeProject/EggDemo/egg-example-handy/node_modules/_egg-logrotator@3.0.5@egg-logrotator/app/schedule/rotate_by_file.js
2019-03-05 14:44:50,586 INFO 22343 [egg-schedule]: register schedule /home/sue/NodeProject/EggDemo/egg-example-handy/node_modules/_egg-logrotator@3.0.5@egg-logrotator/app/schedule/clean_log.js
2019-03-05 14:44:50,586 INFO 22343 [egg-schedule]: register schedule /home/sue/NodeProject/EggDemo/egg-example-handy/node_modules/_egg-logrotator@3.0.5@egg-logrotator/app/schedule/rotate_by_file.js
2019-03-05 14:44:51,832 INFO 22356 [egg-schedule]: register schedule /home/sue/NodeProject/EggDemo/egg-example-handy/node_modules/_egg-logrotator@3.0.5@egg-logrotator/app/schedule/clean_log.js
2019-03-05 14:44:51,832 INFO 22356 [egg-schedule]: register schedule /home/sue/NodeProject/EggDemo/egg-example-handy/node_modules/_egg-logrotator@3.0.5@egg-logrotator/app/schedule/rotate_by_file.js
2019-03-05 14:44:57,148 INFO 22367 [egg-schedule]: register schedule /home/sue/NodeProject/EggDemo/egg-example-handy/node_modules/_egg-logrotator@3.0.5@egg-logrotator/app/schedule/clean_log.js
2019-03-05 14:44:57,148 INFO 22367 [egg-schedule]: register schedule /home/sue/NodeProject/EggDemo/egg-example-handy/node_modules/_egg-logrotator@3.0.5@egg-logrotator/app/schedule/rotate_by_file.js
2019-03-05 14:45:06,926 INFO 22381 [egg-schedule]: register schedule /home/sue/NodeProject/EggDemo/egg-example-handy/node_modules/_egg-logrotator@3.0.5@egg-logrotator/app/schedule/clean_log.js
2019-03-05 14:45:06,926 INFO 22381 [egg-schedule]: register schedule /home/sue/NodeProject/EggDemo/egg-example-handy/node_modules/_egg-logrotator@3.0.5@egg-logrotator/app/schedule/rotate_by_file.js
2019-03-05 14:45:10,909 INFO 22392 [egg-schedule]: register schedule /home/sue/NodeProject/EggDemo/egg-example-handy/node_modules/_egg-logrotator@3.0.5@egg-logrotator/app/schedule/clean_log.js
2019-03-05 14:45:10,909 INFO 22392 [egg-schedule]: register schedule /home/sue/NodeProject/EggDemo/egg-example-handy/node_modules/_egg-logrotator@3.0.5@egg-logrotator/app/schedule/rotate_by_file.js
2019-03-05 14:45:26,407 INFO 22468 [egg-schedule]: register schedule /home/sue/NodeProject/EggDemo/egg-example-handy/node_modules/_egg-logrotator@3.0.5@egg-logrotator/app/schedule/clean_log.js
2019-03-05 14:45:26,407 INFO 22468 [egg-schedule]: register schedule /home/sue/NodeProject/EggDemo/egg-example-handy/node_modules/_egg-logrotator@3.0.5@egg-logrotator/app/schedule/rotate_by_file.js
2019-03-05 15:36:46,687 INFO 30697 [Timer] /home/sue/NodeProject/EggDemo/egg-example-handy/node_modules/_egg-logrotator@3.0.5@egg-logrotator/app/schedule/clean_log.js next time will execute after 30193315ms at 2019-03-06 00:00:00.002
2019-03-05 15:36:46,688 INFO 30697 [Timer] /home/sue/NodeProject/EggDemo/egg-example-handy/node_modules/_egg-logrotator@3.0.5@egg-logrotator/app/schedule/rotate_by_file.js next time will execute after 30194313ms at 2019-03-06 00:00:01.001
2019-03-05 15:36:46,639 INFO 30708 [egg-schedule]: register schedule /home/sue/NodeProject/EggDemo/egg-example-handy/node_modules/_egg-logrotator@3.0.5@egg-logrotator/app/schedule/clean_log.js
2019-03-05 15:36:46,639 INFO 30708 [egg-schedule]: register schedule /home/sue/NodeProject/EggDemo/egg-example-handy/node_modules/_egg-logrotator@3.0.5@egg-logrotator/app/schedule/rotate_by_file.js
