2019-03-04 17:38:59,279 ERROR 13649 [-/127.0.0.1/-/4ms GET /] nodejs.Error: Please set config.keys first
    at Application.get keys [as keys] (/home/sue/NodeProject/EggDemo/egg-example-handy/node_modules/_egg@2.19.0@egg/lib/application.js:257:15)
    at Object.get cookies [as cookies] (/home/sue/NodeProject/EggDemo/egg-example-handy/node_modules/_egg@2.19.0@egg/app/extend/context.js:22:66)
    at Object.get [egg-security#CSRF_SECRET] (/home/sue/NodeProject/EggDemo/egg-example-handy/node_modules/_egg-security@2.4.3@egg-security/app/extend/context.js:86:33)
    at Object.ensureCsrfSecret (/home/sue/NodeProject/EggDemo/egg-example-handy/node_modules/_egg-security@2.4.3@egg-security/app/extend/context.js:97:13)
    at csrf (/home/sue/NodeProject/EggDemo/egg-example-handy/node_modules/_egg-security@2.4.3@egg-security/lib/middlewares/csrf.js:14:9)
    at dispatch (/home/sue/NodeProject/EggDemo/egg-example-handy/node_modules/_koa-compose@4.1.0@koa-compose/index.js:42:32)
    at /home/sue/NodeProject/EggDemo/egg-example-handy/node_modules/_koa-compose@4.1.0@koa-compose/index.js:34:12
    at dispatch (/home/sue/NodeProject/EggDemo/egg-example-handy/node_modules/_koa-compose@4.1.0@koa-compose/index.js:42:32)
    at session (/home/sue/NodeProject/EggDemo/egg-example-handy/node_modules/_koa-session@5.10.1@koa-session/index.js:41:13)
    at dispatch (/home/sue/NodeProject/EggDemo/egg-example-handy/node_modules/_koa-compose@4.1.0@koa-compose/index.js:42:32)

pid: 13649
hostname: sue-OptiPlex-5060

2019-03-05 09:25:00,412 ERROR 4515 [-/127.0.0.1/-/1ms GET /news] nodejs.ReferenceError: ctx is not defined
    at NewsController.list (/home/sue/NodeProject/EggDemo/egg-example-handy/app/controller/news.js:9:9)
    at Object.callFn (/home/sue/NodeProject/EggDemo/egg-example-handy/node_modules/_egg-core@4.14.1@egg-core/lib/utils/index.js:44:21)
    at Object.classControllerMiddleware (/home/sue/NodeProject/EggDemo/egg-example-handy/node_modules/_egg-core@4.14.1@egg-core/lib/loader/mixin/controller.js:87:20)
    at Object.callFn (/home/sue/NodeProject/EggDemo/egg-example-handy/node_modules/_@eggjs_router@2.0.0@@eggjs/router/lib/utils.js:12:21)
    at wrappedController (/home/sue/NodeProject/EggDemo/egg-example-handy/node_modules/_@eggjs_router@2.0.0@@eggjs/router/lib/egg_router.js:322:18)
    at dispatch (/home/sue/NodeProject/EggDemo/egg-example-handy/node_modules/_koa-compose@3.2.1@koa-compose/index.js:44:32)
    at next (/home/sue/NodeProject/EggDemo/egg-example-handy/node_modules/_koa-compose@3.2.1@koa-compose/index.js:45:18)
    at /home/sue/NodeProject/EggDemo/egg-example-handy/node_modules/_@eggjs_router@2.0.0@@eggjs/router/lib/router.js:190:18
    at dispatch (/home/sue/NodeProject/EggDemo/egg-example-handy/node_modules/_koa-compose@3.2.1@koa-compose/index.js:44:32)
    at /home/sue/NodeProject/EggDemo/egg-example-handy/node_modules/_koa-compose@3.2.1@koa-compose/index.js:36:12

pid: 4515
hostname: sue-OptiPlex-5060

2019-03-05 09:25:28,480 ERROR 4515 [-/127.0.0.1/-/1ms GET /news] nodejs.ReferenceError: ctx is not defined
    at NewsController.list (/home/sue/NodeProject/EggDemo/egg-example-handy/app/controller/news.js:9:9)
    at Object.callFn (/home/sue/NodeProject/EggDemo/egg-example-handy/node_modules/_egg-core@4.14.1@egg-core/lib/utils/index.js:44:21)
    at Object.classControllerMiddleware (/home/sue/NodeProject/EggDemo/egg-example-handy/node_modules/_egg-core@4.14.1@egg-core/lib/loader/mixin/controller.js:87:20)
    at Object.callFn (/home/sue/NodeProject/EggDemo/egg-example-handy/node_modules/_@eggjs_router@2.0.0@@eggjs/router/lib/utils.js:12:21)
    at wrappedController (/home/sue/NodeProject/EggDemo/egg-example-handy/node_modules/_@eggjs_router@2.0.0@@eggjs/router/lib/egg_router.js:322:18)
    at dispatch (/home/sue/NodeProject/EggDemo/egg-example-handy/node_modules/_koa-compose@3.2.1@koa-compose/index.js:44:32)
    at next (/home/sue/NodeProject/EggDemo/egg-example-handy/node_modules/_koa-compose@3.2.1@koa-compose/index.js:45:18)
    at /home/sue/NodeProject/EggDemo/egg-example-handy/node_modules/_@eggjs_router@2.0.0@@eggjs/router/lib/router.js:190:18
    at dispatch (/home/sue/NodeProject/EggDemo/egg-example-handy/node_modules/_koa-compose@3.2.1@koa-compose/index.js:44:32)
    at /home/sue/NodeProject/EggDemo/egg-example-handy/node_modules/_koa-compose@3.2.1@koa-compose/index.js:36:12

pid: 4515
hostname: sue-OptiPlex-5060

2019-03-05 11:06:15,538 ERROR 14338 [-/127.0.0.1/-/18ms GET /news] nodejs.ReferenceError: page is not defined
    at NewsController.list (/home/sue/NodeProject/EggDemo/egg-example-handy/app/controller/news.js:14:48)
    at Object.callFn (/home/sue/NodeProject/EggDemo/egg-example-handy/node_modules/_egg-core@4.14.1@egg-core/lib/utils/index.js:44:21)
    at Object.classControllerMiddleware (/home/sue/NodeProject/EggDemo/egg-example-handy/node_modules/_egg-core@4.14.1@egg-core/lib/loader/mixin/controller.js:87:20)
    at Object.callFn (/home/sue/NodeProject/EggDemo/egg-example-handy/node_modules/_@eggjs_router@2.0.0@@eggjs/router/lib/utils.js:12:21)
    at wrappedController (/home/sue/NodeProject/EggDemo/egg-example-handy/node_modules/_@eggjs_router@2.0.0@@eggjs/router/lib/egg_router.js:322:18)
    at dispatch (/home/sue/NodeProject/EggDemo/egg-example-handy/node_modules/_koa-compose@3.2.1@koa-compose/index.js:44:32)
    at next (/home/sue/NodeProject/EggDemo/egg-example-handy/node_modules/_koa-compose@3.2.1@koa-compose/index.js:45:18)
    at /home/sue/NodeProject/EggDemo/egg-example-handy/node_modules/_@eggjs_router@2.0.0@@eggjs/router/lib/router.js:190:18
    at dispatch (/home/sue/NodeProject/EggDemo/egg-example-handy/node_modules/_koa-compose@3.2.1@koa-compose/index.js:44:32)
    at /home/sue/NodeProject/EggDemo/egg-example-handy/node_modules/_koa-compose@3.2.1@koa-compose/index.js:36:12

pid: 14338
hostname: sue-OptiPlex-5060

2019-03-05 14:13:51,592 ERROR 20216 [-/127.0.0.1/-/0ms GET /] nodejs.ReferenceError: v is not defined
    at AppBootHook.serverDidReady (/home/sue/NodeProject/EggDemo/egg-example-handy/app.js:23:9)
    at Object.callFn (/home/sue/NodeProject/EggDemo/egg-example-handy/node_modules/_egg-core@4.14.1@egg-core/lib/utils/index.js:44:21)
    at /home/sue/NodeProject/EggDemo/egg-example-handy/node_modules/_egg-core@4.14.1@egg-core/lib/lifecycle.js:190:23
    at process._tickCallback (internal/process/next_tick.js:68:7)

pid: 20216
hostname: sue-OptiPlex-5060

2019-03-05 14:13:54,721 ERROR 20239 [-/127.0.0.1/-/0ms GET /] nodejs.ReferenceError: app is not defined
    at AppBootHook.serverDidReady (/home/sue/NodeProject/EggDemo/egg-example-handy/app.js:24:5)
    at Object.callFn (/home/sue/NodeProject/EggDemo/egg-example-handy/node_modules/_egg-core@4.14.1@egg-core/lib/utils/index.js:44:21)
    at /home/sue/NodeProject/EggDemo/egg-example-handy/node_modules/_egg-core@4.14.1@egg-core/lib/lifecycle.js:190:23
    at process._tickCallback (internal/process/next_tick.js:68:7)

pid: 20239
hostname: sue-OptiPlex-5060

2019-03-05 14:13:58,614 ERROR 20250 [-/127.0.0.1/-/0ms GET /] nodejs.ReferenceError: app is not defined
    at AppBootHook.serverDidReady (/home/sue/NodeProject/EggDemo/egg-example-handy/app.js:24:9)
    at Object.callFn (/home/sue/NodeProject/EggDemo/egg-example-handy/node_modules/_egg-core@4.14.1@egg-core/lib/utils/index.js:44:21)
    at /home/sue/NodeProject/EggDemo/egg-example-handy/node_modules/_egg-core@4.14.1@egg-core/lib/lifecycle.js:190:23
    at process._tickCallback (internal/process/next_tick.js:68:7)

pid: 20250
hostname: sue-OptiPlex-5060

2019-03-05 14:15:23,416 ERROR 20351 [-/127.0.0.1/-/0ms GET /] nodejs.ReferenceError: app is not defined
    at AppBootHook.serverDidReady (/home/sue/NodeProject/EggDemo/egg-example-handy/app.js:24:9)
    at Object.callFn (/home/sue/NodeProject/EggDemo/egg-example-handy/node_modules/_egg-core@4.14.1@egg-core/lib/utils/index.js:44:21)
    at /home/sue/NodeProject/EggDemo/egg-example-handy/node_modules/_egg-core@4.14.1@egg-core/lib/lifecycle.js:190:23
    at process._tickCallback (internal/process/next_tick.js:68:7)

pid: 20351
hostname: sue-OptiPlex-5060

2019-03-05 14:15:36,334 ERROR 20369 [-/127.0.0.1/-/0ms GET /] nodejs.ReferenceError: app is not defined
    at AppBootHook.serverDidReady (/home/sue/NodeProject/EggDemo/egg-example-handy/app.js:28:9)
    at Object.callFn (/home/sue/NodeProject/EggDemo/egg-example-handy/node_modules/_egg-core@4.14.1@egg-core/lib/utils/index.js:44:21)
    at /home/sue/NodeProject/EggDemo/egg-example-handy/node_modules/_egg-core@4.14.1@egg-core/lib/lifecycle.js:190:23
    at process._tickCallback (internal/process/next_tick.js:68:7)

pid: 20369
hostname: sue-OptiPlex-5060

2019-03-05 14:15:42,361 ERROR 20388 [-/127.0.0.1/-/0ms GET /] nodejs.ReferenceError: app is not defined
    at AppBootHook.serverDidReady (/home/sue/NodeProject/EggDemo/egg-example-handy/app.js:28:9)
    at Object.callFn (/home/sue/NodeProject/EggDemo/egg-example-handy/node_modules/_egg-core@4.14.1@egg-core/lib/utils/index.js:44:21)
    at /home/sue/NodeProject/EggDemo/egg-example-handy/node_modules/_egg-core@4.14.1@egg-core/lib/lifecycle.js:190:23
    at process._tickCallback (internal/process/next_tick.js:68:7)

pid: 20388
hostname: sue-OptiPlex-5060

